<?xml version="1.0" encoding="UTF-8"?>
<coverage generated="1517593412646" clover="3.2.0">
  <project timestamp="1517593412647" name="All files">
    <metrics statements="194" coveredstatements="117" conditionals="65" coveredconditionals="43" methods="78" coveredmethods="30" elements="337" coveredelements="190" complexity="0" loc="194" ncloc="194" packages="9" files="10" classes="10">
      <package name="src">
        <metrics statements="9" coveredstatements="0" conditionals="4" coveredconditionals="0" methods="1" coveredmethods="0"/>
        <file name="index.tsx" path="C:\Users\yagol\Documents\projects\react-aframe-typescript-boilerplate\src\index.tsx">
          <metrics statements="9" coveredstatements="0" conditionals="4" coveredconditionals="0" methods="1" coveredmethods="0"/>
          <line num="1" count="0" type="stmt"/>
          <line num="2" count="0" type="stmt"/>
          <line num="3" count="0" type="stmt"/>
          <line num="4" count="0" type="stmt"/>
          <line num="5" count="0" type="stmt"/>
          <line num="6" count="0" type="stmt"/>
          <line num="7" count="0" type="stmt"/>
          <line num="8" count="0" type="cond" truecount="0" falsecount="4"/>
          <line num="9" count="0" type="stmt"/>
        </file>
      </package>
      <package name="src.components.dialog">
        <metrics statements="19" coveredstatements="13" conditionals="4" coveredconditionals="4" methods="7" coveredmethods="4"/>
        <file name="DialogCmp.tsx" path="C:\Users\yagol\Documents\projects\react-aframe-typescript-boilerplate\src\components\dialog\DialogCmp.tsx">
          <metrics statements="19" coveredstatements="13" conditionals="4" coveredconditionals="4" methods="7" coveredmethods="4"/>
          <line num="10" count="2" type="stmt"/>
          <line num="13" count="2" type="stmt"/>
          <line num="14" count="2" type="stmt"/>
          <line num="16" count="2" type="stmt"/>
          <line num="17" count="2" type="cond" truecount="2" falsecount="0"/>
          <line num="18" count="2" type="cond" truecount="2" falsecount="0"/>
          <line num="19" count="0" type="stmt"/>
          <line num="23" count="2" type="stmt"/>
          <line num="24" count="0" type="stmt"/>
          <line num="25" count="0" type="stmt"/>
          <line num="28" count="2" type="stmt"/>
          <line num="29" count="0" type="stmt"/>
          <line num="30" count="0" type="stmt"/>
          <line num="31" count="0" type="stmt"/>
          <line num="34" count="2" type="stmt"/>
          <line num="35" count="2" type="stmt"/>
          <line num="36" count="2" type="stmt"/>
          <line num="37" count="1" type="stmt"/>
          <line num="46" count="2" type="stmt"/>
        </file>
      </package>
      <package name="src.components.loader">
        <metrics statements="21" coveredstatements="14" conditionals="10" coveredconditionals="6" methods="9" coveredmethods="4"/>
        <file name="LoaderCmp.tsx" path="C:\Users\yagol\Documents\projects\react-aframe-typescript-boilerplate\src\components\loader\LoaderCmp.tsx">
          <metrics statements="21" coveredstatements="14" conditionals="10" coveredconditionals="6" methods="9" coveredmethods="4"/>
          <line num="13" count="5" type="stmt"/>
          <line num="17" count="2" type="stmt"/>
          <line num="25" count="2" type="stmt"/>
          <line num="39" count="2" type="cond" truecount="2" falsecount="0"/>
          <line num="40" count="2" type="cond" truecount="2" falsecount="0"/>
          <line num="41" count="2" type="cond" truecount="2" falsecount="0"/>
          <line num="42" count="2" type="stmt"/>
          <line num="45" count="5" type="stmt"/>
          <line num="46" count="0" type="stmt"/>
          <line num="47" count="0" type="stmt"/>
          <line num="48" count="0" type="stmt"/>
          <line num="49" count="0" type="stmt"/>
          <line num="53" count="5" type="stmt"/>
          <line num="54" count="0" type="stmt"/>
          <line num="57" count="5" type="cond" truecount="0" falsecount="2"/>
          <line num="58" count="0" type="cond" truecount="0" falsecount="2"/>
          <line num="59" count="0" type="stmt"/>
          <line num="63" count="5" type="stmt"/>
          <line num="64" count="2" type="stmt"/>
          <line num="65" count="1" type="stmt"/>
          <line num="75" count="5" type="stmt"/>
        </file>
      </package>
      <package name="src.components.sideMenu">
        <metrics statements="24" coveredstatements="14" conditionals="12" coveredconditionals="8" methods="10" coveredmethods="5"/>
        <file name="SideMenuCmp.tsx" path="C:\Users\yagol\Documents\projects\react-aframe-typescript-boilerplate\src\components\sideMenu\SideMenuCmp.tsx">
          <metrics statements="23" coveredstatements="13" conditionals="12" coveredconditionals="8" methods="10" coveredmethods="5"/>
          <line num="4" count="5" type="stmt"/>
          <line num="15" count="5" type="stmt"/>
          <line num="19" count="5" type="stmt"/>
          <line num="20" count="2" type="cond" truecount="1" falsecount="1"/>
          <line num="22" count="0" type="stmt"/>
          <line num="23" count="0" type="stmt"/>
          <line num="26" count="0" type="stmt"/>
          <line num="30" count="5" type="stmt"/>
          <line num="31" count="2" type="cond" truecount="2" falsecount="0"/>
          <line num="32" count="2" type="cond" truecount="2" falsecount="0"/>
          <line num="33" count="0" type="stmt"/>
          <line num="38" count="5" type="stmt"/>
          <line num="39" count="0" type="stmt"/>
          <line num="40" count="0" type="stmt"/>
          <line num="41" count="0" type="stmt"/>
          <line num="44" count="5" type="stmt"/>
          <line num="45" count="0" type="stmt"/>
          <line num="46" count="0" type="stmt"/>
          <line num="49" count="5" type="stmt"/>
          <line num="50" count="2" type="stmt"/>
          <line num="51" count="1" type="stmt"/>
          <line num="62" count="0" type="stmt"/>
          <line num="76" count="5" type="stmt"/>
        </file>
        <file name="SideMenuItems.ts" path="C:\Users\yagol\Documents\projects\react-aframe-typescript-boilerplate\src\components\sideMenu\SideMenuItems.ts">
          <metrics statements="1" coveredstatements="1" conditionals="0" coveredconditionals="0" methods="0" coveredmethods="0"/>
          <line num="8" count="4" type="stmt"/>
        </file>
      </package>
      <package name="src.components.topMenu">
        <metrics statements="12" coveredstatements="9" conditionals="11" coveredconditionals="6" methods="4" coveredmethods="2"/>
        <file name="TopMenuCmp.tsx" path="C:\Users\yagol\Documents\projects\react-aframe-typescript-boilerplate\src\components\topMenu\TopMenuCmp.tsx">
          <metrics statements="12" coveredstatements="9" conditionals="11" coveredconditionals="6" methods="4" coveredmethods="2"/>
          <line num="3" count="5" type="stmt"/>
          <line num="4" count="5" type="stmt"/>
          <line num="7" count="5" type="cond" truecount="3" falsecount="0"/>
          <line num="16" count="2" type="stmt"/>
          <line num="17" count="0" type="cond" truecount="0" falsecount="2"/>
          <line num="20" count="2" type="stmt"/>
          <line num="21" count="0" type="stmt"/>
          <line num="24" count="5" type="stmt"/>
          <line num="27" count="2" type="cond" truecount="1" falsecount="1"/>
          <line num="28" count="2" type="stmt"/>
          <line num="38" count="0" type="stmt"/>
          <line num="47" count="5" type="stmt"/>
        </file>
      </package>
      <package name="src.pag2DVideo">
        <metrics statements="24" coveredstatements="13" conditionals="5" coveredconditionals="4" methods="8" coveredmethods="3"/>
        <file name="Pag2DVideoCmp.tsx" path="C:\Users\yagol\Documents\projects\react-aframe-typescript-boilerplate\src\pag2DVideo\Pag2DVideoCmp.tsx">
          <metrics statements="24" coveredstatements="13" conditionals="5" coveredconditionals="4" methods="8" coveredmethods="3"/>
          <line num="11" count="1" type="stmt"/>
          <line num="12" count="1" type="stmt"/>
          <line num="18" count="1" type="cond" truecount="3" falsecount="0"/>
          <line num="22" count="1" type="stmt"/>
          <line num="23" count="1" type="stmt"/>
          <line num="24" count="1" type="cond" truecount="1" falsecount="1"/>
          <line num="25" count="0" type="stmt"/>
          <line num="29" count="1" type="stmt"/>
          <line num="30" count="0" type="stmt"/>
          <line num="31" count="0" type="stmt"/>
          <line num="32" count="0" type="stmt"/>
          <line num="33" count="0" type="stmt"/>
          <line num="36" count="1" type="stmt"/>
          <line num="37" count="0" type="stmt"/>
          <line num="38" count="0" type="stmt"/>
          <line num="39" count="0" type="stmt"/>
          <line num="40" count="0" type="stmt"/>
          <line num="43" count="1" type="stmt"/>
          <line num="44" count="0" type="stmt"/>
          <line num="47" count="1" type="stmt"/>
          <line num="48" count="0" type="stmt"/>
          <line num="51" count="1" type="stmt"/>
          <line num="52" count="1" type="stmt"/>
          <line num="87" count="1" type="stmt"/>
        </file>
      </package>
      <package name="src.pag360Video">
        <metrics statements="13" coveredstatements="9" conditionals="5" coveredconditionals="4" methods="7" coveredmethods="3"/>
        <file name="Pag360VideoCmp.tsx" path="C:\Users\yagol\Documents\projects\react-aframe-typescript-boilerplate\src\pag360Video\Pag360VideoCmp.tsx">
          <metrics statements="13" coveredstatements="9" conditionals="5" coveredconditionals="4" methods="7" coveredmethods="3"/>
          <line num="11" count="1" type="cond" truecount="3" falsecount="0"/>
          <line num="21" count="1" type="stmt"/>
          <line num="22" count="1" type="cond" truecount="1" falsecount="1"/>
          <line num="23" count="0" type="stmt"/>
          <line num="27" count="1" type="stmt"/>
          <line num="28" count="0" type="stmt"/>
          <line num="31" count="1" type="stmt"/>
          <line num="32" count="0" type="stmt"/>
          <line num="35" count="1" type="stmt"/>
          <line num="36" count="0" type="stmt"/>
          <line num="39" count="1" type="stmt"/>
          <line num="40" count="1" type="stmt"/>
          <line num="63" count="1" type="stmt"/>
        </file>
      </package>
      <package name="src.pag3DModel">
        <metrics statements="21" coveredstatements="15" conditionals="7" coveredconditionals="6" methods="10" coveredmethods="4"/>
        <file name="Pag3DModel.tsx" path="C:\Users\yagol\Documents\projects\react-aframe-typescript-boilerplate\src\pag3DModel\Pag3DModel.tsx">
          <metrics statements="21" coveredstatements="15" conditionals="7" coveredconditionals="6" methods="10" coveredmethods="4"/>
          <line num="11" count="1" type="cond" truecount="2" falsecount="0"/>
          <line num="13" count="1" type="cond" truecount="3" falsecount="0"/>
          <line num="15" count="1" type="stmt"/>
          <line num="19" count="1" type="stmt"/>
          <line num="21" count="1" type="stmt"/>
          <line num="34" count="1" type="stmt"/>
          <line num="35" count="1" type="cond" truecount="1" falsecount="1"/>
          <line num="38" count="1" type="stmt"/>
          <line num="39" count="0" type="stmt"/>
          <line num="42" count="1" type="stmt"/>
          <line num="43" count="0" type="stmt"/>
          <line num="46" count="1" type="stmt"/>
          <line num="47" count="0" type="stmt"/>
          <line num="50" count="1" type="stmt"/>
          <line num="51" count="0" type="stmt"/>
          <line num="54" count="1" type="stmt"/>
          <line num="55" count="0" type="stmt"/>
          <line num="58" count="1" type="stmt"/>
          <line num="59" count="1" type="stmt"/>
          <line num="87" count="0" type="stmt"/>
          <line num="100" count="1" type="stmt"/>
        </file>
      </package>
      <package name="src.pagIndex">
        <metrics statements="51" coveredstatements="30" conditionals="7" coveredconditionals="5" methods="22" coveredmethods="5"/>
        <file name="PagIndexCmp.tsx" path="C:\Users\yagol\Documents\projects\react-aframe-typescript-boilerplate\src\pagIndex\PagIndexCmp.tsx">
          <metrics statements="51" coveredstatements="30" conditionals="7" coveredconditionals="5" methods="22" coveredmethods="5"/>
          <line num="27" count="1" type="stmt"/>
          <line num="28" count="1" type="stmt"/>
          <line num="29" count="1" type="stmt"/>
          <line num="30" count="1" type="stmt"/>
          <line num="31" count="1" type="stmt"/>
          <line num="32" count="1" type="stmt"/>
          <line num="52" count="1" type="cond" truecount="3" falsecount="0"/>
          <line num="54" count="1" type="stmt"/>
          <line num="71" count="1" type="stmt"/>
          <line num="76" count="1" type="stmt"/>
          <line num="77" count="1" type="stmt"/>
          <line num="78" count="0" type="stmt"/>
          <line num="79" count="0" type="stmt"/>
          <line num="82" count="0" type="stmt"/>
          <line num="86" count="1" type="stmt"/>
          <line num="87" count="1" type="stmt"/>
          <line num="88" count="0" type="stmt"/>
          <line num="89" count="0" type="stmt"/>
          <line num="91" count="0" type="stmt"/>
          <line num="92" count="0" type="stmt"/>
          <line num="96" count="1" type="cond" truecount="1" falsecount="1"/>
          <line num="98" count="1" type="stmt"/>
          <line num="100" count="1" type="cond" truecount="1" falsecount="1"/>
          <line num="101" count="0" type="stmt"/>
          <line num="105" count="1" type="stmt"/>
          <line num="106" count="1" type="stmt"/>
          <line num="109" count="1" type="stmt"/>
          <line num="110" count="0" type="stmt"/>
          <line num="113" count="1" type="stmt"/>
          <line num="114" count="0" type="stmt"/>
          <line num="117" count="1" type="stmt"/>
          <line num="118" count="0" type="stmt"/>
          <line num="119" count="0" type="stmt"/>
          <line num="122" count="1" type="stmt"/>
          <line num="123" count="1" type="stmt"/>
          <line num="124" count="0" type="stmt"/>
          <line num="128" count="1" type="stmt"/>
          <line num="129" count="0" type="stmt"/>
          <line num="132" count="1" type="stmt"/>
          <line num="133" count="0" type="stmt"/>
          <line num="136" count="1" type="stmt"/>
          <line num="137" count="0" type="stmt"/>
          <line num="140" count="1" type="stmt"/>
          <line num="141" count="0" type="stmt"/>
          <line num="142" count="0" type="stmt"/>
          <line num="145" count="1" type="stmt"/>
          <line num="146" count="1" type="stmt"/>
          <line num="200" count="0" type="stmt"/>
          <line num="202" count="0" type="stmt"/>
          <line num="204" count="0" type="stmt"/>
          <line num="212" count="1" type="stmt"/>
        </file>
      </package>
    </metrics>
  </project>
</coverage>
