{"C:\\Users\\yagol\\Documents\\projects\\react-aframe-typescript-boilerplate\\src\\index.tsx": {"path":"C:\\Users\\yagol\\Documents\\projects\\react-aframe-typescript-boilerplate\\src\\index.tsx","statementMap":{"0":{"start":{"line":1,"column":13},"end":{"line":1,"column":42}},"1":{"start":{"line":1,"column":42},"end":{"line":1,"column":55}},"2":{"start":{"line":1,"column":68},"end":{"line":1,"column":84}},"3":{"start":{"line":1,"column":99},"end":{"line":1,"column":129}},"4":{"start":{"line":2,"column":16},"end":{"line":2,"column":36}},"5":{"start":{"line":2,"column":54},"end":{"line":2,"column":87}},"6":{"start":{"line":3,"column":22},"end":{"line":3,"column":49}},"7":{"start":{"line":4,"column":19},"end":{"line":4,"column":52}},"8":{"start":{"line":5,"column":21},"end":{"line":5,"column":58}},"9":{"start":{"line":6,"column":18},"end":{"line":6,"column":52}},"10":{"start":{"line":7,"column":22},"end":{"line":7,"column":61}},"11":{"start":{"line":8,"column":0},"end":{"line":8,"column":23}},"12":{"start":{"line":8,"column":61},"end":{"line":8,"column":115}},"13":{"start":{"line":9,"column":0},"end":{"line":14,"column":155}}},"fnMap":{"0":{"name":"_interopRequireDefault","decl":{"start":{"line":8,"column":32},"end":{"line":8,"column":54}},"loc":{"start":{"line":8,"column":60},"end":{"line":8,"column":116}},"line":8}},"branchMap":{"0":{"loc":{"start":{"line":8,"column":68},"end":{"line":8,"column":114}},"type":"cond-expr","locations":[{"start":{"line":8,"column":92},"end":{"line":8,"column":95}},{"start":{"line":8,"column":98},"end":{"line":8,"column":114}}],"line":8},"1":{"loc":{"start":{"line":8,"column":68},"end":{"line":8,"column":89}},"type":"binary-expr","locations":[{"start":{"line":8,"column":68},"end":{"line":8,"column":71}},{"start":{"line":8,"column":75},"end":{"line":8,"column":89}}],"line":8}},"s":{"0":0,"1":0,"2":0,"3":0,"4":0,"5":0,"6":0,"7":0,"8":0,"9":0,"10":0,"11":0,"12":0,"13":0},"f":{"0":0},"b":{"0":[0,0],"1":[0,0]}}
,"C:\\Users\\yagol\\Documents\\projects\\react-aframe-typescript-boilerplate\\src\\components\\dialog\\DialogCmp.tsx": {"path":"C:\\Users\\yagol\\Documents\\projects\\react-aframe-typescript-boilerplate\\src\\components\\dialog\\DialogCmp.tsx","statementMap":{"0":{"start":{"line":10,"column":0},"end":{"line":10,"column":55}},"1":{"start":{"line":10,"column":36},"end":{"line":10,"column":67}},"2":{"start":{"line":16,"column":9},"end":{"line":21,"column":3}},"3":{"start":{"line":16,"column":2},"end":{"line":21,"column":2}},"4":{"start":{"line":17,"column":26},"end":{"line":17,"column":99}},"5":{"start":{"line":18,"column":4},"end":{"line":20,"column":7}},"6":{"start":{"line":19,"column":6},"end":{"line":19,"column":18}},"7":{"start":{"line":23,"column":9},"end":{"line":26,"column":3}},"8":{"start":{"line":24,"column":4},"end":{"line":24,"column":63}},"9":{"start":{"line":25,"column":4},"end":{"line":25,"column":62}},"10":{"start":{"line":28,"column":9},"end":{"line":32,"column":3}},"11":{"start":{"line":29,"column":4},"end":{"line":29,"column":49}},"12":{"start":{"line":30,"column":4},"end":{"line":30,"column":65}},"13":{"start":{"line":31,"column":4},"end":{"line":31,"column":60}},"14":{"start":{"line":34,"column":9},"end":{"line":45,"column":3}},"15":{"start":{"line":34,"column":2},"end":{"line":45,"column":2}},"16":{"start":{"line":35,"column":29},"end":{"line":35,"column":67}},"17":{"start":{"line":36,"column":4},"end":{"line":44,"column":5}},"18":{"start":{"line":37,"column":54},"end":{"line":37,"column":92}},"19":{"start":{"line":13,"column":17},"end":{"line":13,"column":43}},"20":{"start":{"line":14,"column":17},"end":{"line":14,"column":55}},"21":{"start":{"line":46,"column":0},"end":{"line":46,"column":1}}},"fnMap":{"0":{"name":"(anonymous_5)","decl":{"start":{"line":10,"column":0},"end":{"line":null,"column":-1}},"loc":{"start":{"line":10,"column":0},"end":{"line":10,"column":-1}}},"1":{"name":"(anonymous_7)","decl":{"start":{"line":16,"column":2},"end":{"line":null,"column":-1}},"loc":{"start":{"line":16,"column":2},"end":{"line":21,"column":3}}},"2":{"name":"(anonymous_8)","decl":{"start":{"line":18,"column":61},"end":{"line":null,"column":-1}},"loc":{"start":{"line":18,"column":61},"end":{"line":20,"column":5}}},"3":{"name":"(anonymous_9)","decl":{"start":{"line":23,"column":2},"end":{"line":null,"column":-1}},"loc":{"start":{"line":23,"column":2},"end":{"line":26,"column":3}}},"4":{"name":"(anonymous_10)","decl":{"start":{"line":28,"column":2},"end":{"line":null,"column":-1}},"loc":{"start":{"line":28,"column":2},"end":{"line":32,"column":3}}},"5":{"name":"(anonymous_11)","decl":{"start":{"line":34,"column":2},"end":{"line":null,"column":-1}},"loc":{"start":{"line":34,"column":2},"end":{"line":45,"column":3}}},"6":{"name":"(anonymous_12)","decl":{"start":{"line":37,"column":17},"end":{"line":37,"column":17}},"loc":{"start":{"line":37,"column":49},"end":{"line":37,"column":92}}}},"branchMap":{"0":{"loc":{"start":{"line":17,"column":26},"end":{"line":17,"column":46}},"type":"binary-expr","locations":[{"start":{"line":17,"column":26},"end":{"line":17,"column":46}},{"start":{"line":17,"column":50},"end":{"line":17,"column":99}}]},"1":{"loc":{"start":{"line":18,"column":4},"end":{"line":18,"column":17}},"type":"binary-expr","locations":[{"start":{"line":18,"column":4},"end":{"line":18,"column":17}},{"start":{"line":18,"column":21},"end":{"line":20,"column":6}}]}},"s":{"0":2,"1":2,"2":2,"3":2,"4":2,"5":2,"6":0,"7":2,"8":0,"9":0,"10":2,"11":0,"12":0,"13":0,"14":2,"15":2,"16":2,"17":2,"18":1,"19":2,"20":2,"21":2},"f":{"0":4,"1":2,"2":0,"3":0,"4":0,"5":2,"6":1},"b":{"0":[2,1],"1":[2,1]}}
,"C:\\Users\\yagol\\Documents\\projects\\react-aframe-typescript-boilerplate\\src\\components\\loader\\LoaderCmp.tsx": {"path":"C:\\Users\\yagol\\Documents\\projects\\react-aframe-typescript-boilerplate\\src\\components\\loader\\LoaderCmp.tsx","statementMap":{"0":{"start":{"line":13,"column":0},"end":{"line":13,"column":55}},"1":{"start":{"line":13,"column":36},"end":{"line":13,"column":63}},"2":{"start":{"line":39,"column":4},"end":{"line":39,"column":16}},"3":{"start":{"line":17,"column":10},"end":{"line":23,"column":4}},"4":{"start":{"line":25,"column":10},"end":{"line":36,"column":4}},"5":{"start":{"line":40,"column":24},"end":{"line":40,"column":56}},"6":{"start":{"line":41,"column":23},"end":{"line":41,"column":52}},"7":{"start":{"line":42,"column":4},"end":{"line":42,"column":73}},"8":{"start":{"line":45,"column":9},"end":{"line":51,"column":3}},"9":{"start":{"line":45,"column":2},"end":{"line":51,"column":2}},"10":{"start":{"line":46,"column":4},"end":{"line":46,"column":51}},"11":{"start":{"line":47,"column":4},"end":{"line":47,"column":49}},"12":{"start":{"line":48,"column":4},"end":{"line":50,"column":12}},"13":{"start":{"line":49,"column":6},"end":{"line":49,"column":45}},"14":{"start":{"line":53,"column":9},"end":{"line":55,"column":3}},"15":{"start":{"line":54,"column":4},"end":{"line":54,"column":48}},"16":{"start":{"line":57,"column":9},"end":{"line":61,"column":3}},"17":{"start":{"line":57,"column":2},"end":{"line":61,"column":2}},"18":{"start":{"line":57,"column":41},"end":{"line":57,"column":69}},"19":{"start":{"line":58,"column":4},"end":{"line":60,"column":6}},"20":{"start":{"line":59,"column":6},"end":{"line":59,"column":18}},"21":{"start":{"line":63,"column":9},"end":{"line":74,"column":3}},"22":{"start":{"line":63,"column":2},"end":{"line":74,"column":2}},"23":{"start":{"line":64,"column":4},"end":{"line":73,"column":5}},"24":{"start":{"line":65,"column":65},"end":{"line":65,"column":92}},"25":{"start":{"line":75,"column":0},"end":{"line":75,"column":1}}},"fnMap":{"0":{"name":"(anonymous_5)","decl":{"start":{"line":13,"column":0},"end":{"line":null,"column":-1}},"loc":{"start":{"line":13,"column":0},"end":{"line":13,"column":-1}}},"1":{"name":"Loader","decl":{"start":{"line":38,"column":2},"end":{"line":38,"column":20}},"loc":{"start":{"line":38,"column":34},"end":{"line":43,"column":3}}},"2":{"name":"(anonymous_7)","decl":{"start":{"line":45,"column":2},"end":{"line":null,"column":-1}},"loc":{"start":{"line":45,"column":2},"end":{"line":51,"column":3}}},"3":{"name":"(anonymous_8)","decl":{"start":{"line":48,"column":16},"end":{"line":null,"column":-1}},"loc":{"start":{"line":48,"column":16},"end":{"line":50,"column":5}}},"4":{"name":"(anonymous_9)","decl":{"start":{"line":53,"column":2},"end":{"line":null,"column":-1}},"loc":{"start":{"line":53,"column":2},"end":{"line":55,"column":3}}},"5":{"name":"(anonymous_10)","decl":{"start":{"line":57,"column":2},"end":{"line":57,"column":17}},"loc":{"start":{"line":57,"column":69},"end":{"line":61,"column":3}}},"6":{"name":"(anonymous_11)","decl":{"start":{"line":58,"column":49},"end":{"line":null,"column":-1}},"loc":{"start":{"line":58,"column":49},"end":{"line":60,"column":5}}},"7":{"name":"(anonymous_12)","decl":{"start":{"line":63,"column":2},"end":{"line":null,"column":-1}},"loc":{"start":{"line":63,"column":2},"end":{"line":74,"column":3}}},"8":{"name":"(anonymous_13)","decl":{"start":{"line":65,"column":37},"end":{"line":65,"column":37}},"loc":{"start":{"line":65,"column":60},"end":{"line":65,"column":92}}}},"branchMap":{"0":{"loc":{"start":{"line":39,"column":4},"end":{"line":39,"column":16}},"type":"binary-expr","locations":[{"start":{"line":39,"column":4},"end":{"line":39,"column":16}},{"start":{"line":39,"column":16},"end":{"line":43,"column":2}}]},"1":{"loc":{"start":{"line":40,"column":24},"end":{"line":40,"column":46}},"type":"binary-expr","locations":[{"start":{"line":40,"column":24},"end":{"line":40,"column":46}},{"start":{"line":40,"column":50},"end":{"line":40,"column":56}}]},"2":{"loc":{"start":{"line":41,"column":23},"end":{"line":41,"column":44}},"type":"binary-expr","locations":[{"start":{"line":41,"column":23},"end":{"line":41,"column":44}},{"start":{"line":41,"column":48},"end":{"line":41,"column":52}}]},"3":{"loc":{"start":{"line":57,"column":41},"end":{"line":57,"column":69}},"type":"if","locations":[{"start":{"line":57,"column":41},"end":{"line":57,"column":69}},{"start":{"line":57,"column":41},"end":{"line":57,"column":69}}]},"4":{"loc":{"start":{"line":58,"column":4},"end":{"line":58,"column":10}},"type":"binary-expr","locations":[{"start":{"line":58,"column":4},"end":{"line":58,"column":10}},{"start":{"line":58,"column":14},"end":{"line":60,"column":6}}]}},"s":{"0":5,"1":5,"2":2,"3":2,"4":2,"5":2,"6":2,"7":2,"8":5,"9":0,"10":0,"11":0,"12":0,"13":0,"14":5,"15":0,"16":5,"17":0,"18":0,"19":0,"20":0,"21":5,"22":2,"23":2,"24":1,"25":5},"f":{"0":5,"1":2,"2":0,"3":0,"4":0,"5":0,"6":0,"7":2,"8":1},"b":{"0":[2,2],"1":[2,2],"2":[2,2],"3":[0,0],"4":[0,0]}}
,"C:\\Users\\yagol\\Documents\\projects\\react-aframe-typescript-boilerplate\\src\\components\\sideMenu\\SideMenuCmp.tsx": {"path":"C:\\Users\\yagol\\Documents\\projects\\react-aframe-typescript-boilerplate\\src\\components\\sideMenu\\SideMenuCmp.tsx","statementMap":{"0":{"start":{"line":4,"column":20},"end":{"line":4,"column":52}},"1":{"start":{"line":15,"column":0},"end":{"line":15,"column":57}},"2":{"start":{"line":15,"column":38},"end":{"line":15,"column":65}},"3":{"start":{"line":19,"column":9},"end":{"line":28,"column":3}},"4":{"start":{"line":20,"column":4},"end":{"line":27,"column":5}},"5":{"start":{"line":22,"column":6},"end":{"line":24,"column":9}},"6":{"start":{"line":23,"column":8},"end":{"line":23,"column":28}},"7":{"start":{"line":26,"column":6},"end":{"line":26,"column":60}},"8":{"start":{"line":30,"column":9},"end":{"line":35,"column":3}},"9":{"start":{"line":30,"column":2},"end":{"line":35,"column":2}},"10":{"start":{"line":31,"column":26},"end":{"line":31,"column":103}},"11":{"start":{"line":32,"column":4},"end":{"line":34,"column":7}},"12":{"start":{"line":33,"column":6},"end":{"line":33,"column":18}},"13":{"start":{"line":38,"column":9},"end":{"line":42,"column":3}},"14":{"start":{"line":39,"column":4},"end":{"line":39,"column":51}},"15":{"start":{"line":40,"column":4},"end":{"line":40,"column":62}},"16":{"start":{"line":41,"column":4},"end":{"line":41,"column":58}},"17":{"start":{"line":44,"column":9},"end":{"line":47,"column":3}},"18":{"start":{"line":45,"column":4},"end":{"line":45,"column":59}},"19":{"start":{"line":46,"column":4},"end":{"line":46,"column":61}},"20":{"start":{"line":49,"column":9},"end":{"line":75,"column":3}},"21":{"start":{"line":49,"column":2},"end":{"line":75,"column":2}},"22":{"start":{"line":50,"column":4},"end":{"line":74,"column":5}},"23":{"start":{"line":51,"column":56},"end":{"line":51,"column":98}},"24":{"start":{"line":62,"column":16},"end":{"line":67,"column":17}},"25":{"start":{"line":76,"column":0},"end":{"line":76,"column":1}}},"fnMap":{"0":{"name":"(anonymous_5)","decl":{"start":{"line":15,"column":0},"end":{"line":null,"column":-1}},"loc":{"start":{"line":15,"column":0},"end":{"line":15,"column":-1}}},"1":{"name":"(anonymous_7)","decl":{"start":{"line":19,"column":2},"end":{"line":null,"column":-1}},"loc":{"start":{"line":19,"column":2},"end":{"line":28,"column":3}}},"2":{"name":"(anonymous_8)","decl":{"start":{"line":22,"column":32},"end":{"line":22,"column":31}},"loc":{"start":{"line":22,"column":36},"end":{"line":24,"column":7}}},"3":{"name":"(anonymous_9)","decl":{"start":{"line":30,"column":2},"end":{"line":null,"column":-1}},"loc":{"start":{"line":30,"column":2},"end":{"line":35,"column":3}}},"4":{"name":"(anonymous_10)","decl":{"start":{"line":32,"column":61},"end":{"line":null,"column":-1}},"loc":{"start":{"line":32,"column":61},"end":{"line":34,"column":5}}},"5":{"name":"(anonymous_11)","decl":{"start":{"line":38,"column":2},"end":{"line":null,"column":-1}},"loc":{"start":{"line":38,"column":2},"end":{"line":42,"column":3}}},"6":{"name":"(anonymous_12)","decl":{"start":{"line":44,"column":2},"end":{"line":null,"column":-1}},"loc":{"start":{"line":44,"column":2},"end":{"line":47,"column":3}}},"7":{"name":"(anonymous_13)","decl":{"start":{"line":49,"column":2},"end":{"line":null,"column":-1}},"loc":{"start":{"line":49,"column":2},"end":{"line":75,"column":3}}},"8":{"name":"(anonymous_14)","decl":{"start":{"line":51,"column":17},"end":{"line":51,"column":17}},"loc":{"start":{"line":51,"column":51},"end":{"line":51,"column":98}}},"9":{"name":"(anonymous_15)","decl":{"start":{"line":61,"column":56},"end":{"line":61,"column":56}},"loc":{"start":{"line":61,"column":76},"end":{"line":68,"column":15}}}},"branchMap":{"0":{"loc":{"start":{"line":20,"column":4},"end":{"line":27,"column":5}},"type":"if","locations":[{"start":{"line":20,"column":4},"end":{"line":27,"column":5}},{"start":{"line":20,"column":4},"end":{"line":27,"column":5}}]},"1":{"loc":{"start":{"line":31,"column":26},"end":{"line":31,"column":48}},"type":"binary-expr","locations":[{"start":{"line":31,"column":26},"end":{"line":31,"column":48}},{"start":{"line":31,"column":52},"end":{"line":31,"column":103}}]},"2":{"loc":{"start":{"line":32,"column":4},"end":{"line":32,"column":17}},"type":"binary-expr","locations":[{"start":{"line":32,"column":4},"end":{"line":32,"column":17}},{"start":{"line":32,"column":21},"end":{"line":34,"column":6}}]},"3":{"loc":{"start":{"line":61,"column":14},"end":{"line":61,"column":30}},"type":"binary-expr","locations":[{"start":{"line":61,"column":14},"end":{"line":61,"column":30}},{"start":{"line":61,"column":34},"end":{"line":68,"column":16}}]},"4":{"loc":{"start":{"line":63,"column":67},"end":{"line":63,"column":90}},"type":"cond-expr","locations":[{"start":{"line":63,"column":67},"end":{"line":63,"column":90}},{"start":{"line":63,"column":93},"end":{"line":63,"column":109}}]},"5":{"loc":{"start":{"line":70,"column":14},"end":{"line":70,"column":33}},"type":"binary-expr","locations":[{"start":{"line":70,"column":14},"end":{"line":70,"column":33}},{"start":{"line":70,"column":37},"end":{"line":70,"column":98}}]}},"s":{"0":5,"1":5,"2":5,"3":5,"4":2,"5":0,"6":0,"7":0,"8":5,"9":2,"10":2,"11":2,"12":0,"13":5,"14":0,"15":0,"16":0,"17":5,"18":0,"19":0,"20":5,"21":2,"22":2,"23":1,"24":0,"25":5},"f":{"0":7,"1":2,"2":0,"3":2,"4":0,"5":0,"6":0,"7":2,"8":1,"9":0},"b":{"0":[0,2],"1":[2,1],"2":[2,1],"3":[2,0],"4":[0,0],"5":[2,1]}}
,"C:\\Users\\yagol\\Documents\\projects\\react-aframe-typescript-boilerplate\\src\\components\\sideMenu\\SideMenuItems.ts": {"path":"C:\\Users\\yagol\\Documents\\projects\\react-aframe-typescript-boilerplate\\src\\components\\sideMenu\\SideMenuItems.ts","statementMap":{"0":{"start":{"line":8,"column":48},"end":{"line":13,"column":1}}},"fnMap":{},"branchMap":{},"s":{"0":4},"f":{},"b":{}}
,"C:\\Users\\yagol\\Documents\\projects\\react-aframe-typescript-boilerplate\\src\\components\\topMenu\\TopMenuCmp.tsx": {"path":"C:\\Users\\yagol\\Documents\\projects\\react-aframe-typescript-boilerplate\\src\\components\\topMenu\\TopMenuCmp.tsx","statementMap":{"0":{"start":{"line":3,"column":22},"end":{"line":3,"column":50}},"1":{"start":{"line":4,"column":21},"end":{"line":4,"column":48}},"2":{"start":{"line":7,"column":0},"end":{"line":7,"column":56}},"3":{"start":{"line":7,"column":37},"end":{"line":7,"column":56}},"4":{"start":{"line":7,"column":0},"end":{"line":47,"column":0}},"5":{"start":{"line":16,"column":10},"end":{"line":18,"column":4}},"6":{"start":{"line":17,"column":4},"end":{"line":17,"column":61}},"7":{"start":{"line":20,"column":10},"end":{"line":22,"column":4}},"8":{"start":{"line":21,"column":4},"end":{"line":21,"column":26}},"9":{"start":{"line":24,"column":9},"end":{"line":46,"column":3}},"10":{"start":{"line":27,"column":4},"end":{"line":45,"column":5}},"11":{"start":{"line":28,"column":6},"end":{"line":35,"column":7}},"12":{"start":{"line":38,"column":6},"end":{"line":44,"column":7}},"13":{"start":{"line":47,"column":0},"end":{"line":47,"column":1}}},"fnMap":{"0":{"name":"(anonymous_5)","decl":{"start":{"line":7,"column":0},"end":{"line":null,"column":-1}},"loc":{"start":{"line":7,"column":0},"end":{"line":7,"column":-1}}},"1":{"name":"(anonymous_7)","decl":{"start":{"line":16,"column":27},"end":{"line":null,"column":-1}},"loc":{"start":{"line":16,"column":27},"end":{"line":18,"column":3}}},"2":{"name":"(anonymous_8)","decl":{"start":{"line":20,"column":29},"end":{"line":null,"column":-1}},"loc":{"start":{"line":20,"column":29},"end":{"line":22,"column":3}}},"3":{"name":"(anonymous_9)","decl":{"start":{"line":24,"column":2},"end":{"line":null,"column":-1}},"loc":{"start":{"line":24,"column":2},"end":{"line":46,"column":3}}}},"branchMap":{"0":{"loc":{"start":{"line":7,"column":0},"end":{"line":47,"column":0}},"type":"binary-expr","locations":[{"start":{"line":7,"column":0},"end":{"line":47,"column":0}},{"start":{"line":7,"column":0},"end":{"line":47,"column":0}},{"start":{"line":7,"column":0},"end":{"line":47,"column":0}}]},"1":{"loc":{"start":{"line":17,"column":4},"end":{"line":17,"column":29}},"type":"binary-expr","locations":[{"start":{"line":17,"column":4},"end":{"line":17,"column":29}},{"start":{"line":17,"column":33},"end":{"line":17,"column":60}}]},"2":{"loc":{"start":{"line":27,"column":4},"end":{"line":45,"column":5}},"type":"if","locations":[{"start":{"line":27,"column":4},"end":{"line":45,"column":5}},{"start":{"line":27,"column":4},"end":{"line":45,"column":5}}]},"3":{"loc":{"start":{"line":32,"column":21},"end":{"line":32,"column":40}},"type":"binary-expr","locations":[{"start":{"line":32,"column":21},"end":{"line":32,"column":40}},{"start":{"line":32,"column":44},"end":{"line":32,"column":57}}]},"4":{"loc":{"start":{"line":41,"column":21},"end":{"line":41,"column":40}},"type":"binary-expr","locations":[{"start":{"line":41,"column":21},"end":{"line":41,"column":40}},{"start":{"line":41,"column":44},"end":{"line":41,"column":57}}]}},"s":{"0":5,"1":5,"2":5,"3":5,"4":2,"5":2,"6":0,"7":2,"8":0,"9":5,"10":2,"11":2,"12":0,"13":5},"f":{"0":7,"1":0,"2":0,"3":2},"b":{"0":[2,2,2],"1":[0,0],"2":[2,0],"3":[2,2],"4":[0,0]}}
,"C:\\Users\\yagol\\Documents\\projects\\react-aframe-typescript-boilerplate\\src\\pag2DVideo\\Pag2DVideoCmp.tsx": {"path":"C:\\Users\\yagol\\Documents\\projects\\react-aframe-typescript-boilerplate\\src\\pag2DVideo\\Pag2DVideoCmp.tsx","statementMap":{"0":{"start":{"line":11,"column":19},"end":{"line":11,"column":67}},"1":{"start":{"line":12,"column":23},"end":{"line":12,"column":38}},"2":{"start":{"line":18,"column":0},"end":{"line":18,"column":54}},"3":{"start":{"line":18,"column":35},"end":{"line":18,"column":62}},"4":{"start":{"line":18,"column":0},"end":{"line":87,"column":0}},"5":{"start":{"line":29,"column":10},"end":{"line":34,"column":4}},"6":{"start":{"line":30,"column":21},"end":{"line":30,"column":74}},"7":{"start":{"line":31,"column":21},"end":{"line":31,"column":74}},"8":{"start":{"line":32,"column":4},"end":{"line":32,"column":21}},"9":{"start":{"line":33,"column":4},"end":{"line":33,"column":21}},"10":{"start":{"line":36,"column":10},"end":{"line":41,"column":4}},"11":{"start":{"line":37,"column":21},"end":{"line":37,"column":74}},"12":{"start":{"line":38,"column":21},"end":{"line":38,"column":74}},"13":{"start":{"line":39,"column":4},"end":{"line":39,"column":20}},"14":{"start":{"line":40,"column":4},"end":{"line":40,"column":20}},"15":{"start":{"line":43,"column":10},"end":{"line":45,"column":4}},"16":{"start":{"line":44,"column":4},"end":{"line":44,"column":30}},"17":{"start":{"line":47,"column":10},"end":{"line":49,"column":4}},"18":{"start":{"line":48,"column":4},"end":{"line":48,"column":30}},"19":{"start":{"line":22,"column":9},"end":{"line":27,"column":3}},"20":{"start":{"line":22,"column":2},"end":{"line":27,"column":2}},"21":{"start":{"line":23,"column":19},"end":{"line":23,"column":69}},"22":{"start":{"line":24,"column":4},"end":{"line":26,"column":6}},"23":{"start":{"line":25,"column":6},"end":{"line":25,"column":30}},"24":{"start":{"line":51,"column":9},"end":{"line":86,"column":3}},"25":{"start":{"line":52,"column":4},"end":{"line":85,"column":5}},"26":{"start":{"line":87,"column":0},"end":{"line":87,"column":1}}},"fnMap":{"0":{"name":"(anonymous_5)","decl":{"start":{"line":18,"column":0},"end":{"line":null,"column":-1}},"loc":{"start":{"line":18,"column":0},"end":{"line":18,"column":-1}}},"1":{"name":"(anonymous_7)","decl":{"start":{"line":29,"column":28},"end":{"line":null,"column":-1}},"loc":{"start":{"line":29,"column":28},"end":{"line":34,"column":3}}},"2":{"name":"(anonymous_8)","decl":{"start":{"line":36,"column":27},"end":{"line":null,"column":-1}},"loc":{"start":{"line":36,"column":27},"end":{"line":41,"column":3}}},"3":{"name":"(anonymous_9)","decl":{"start":{"line":43,"column":28},"end":{"line":null,"column":-1}},"loc":{"start":{"line":43,"column":28},"end":{"line":45,"column":3}}},"4":{"name":"(anonymous_10)","decl":{"start":{"line":47,"column":30},"end":{"line":null,"column":-1}},"loc":{"start":{"line":47,"column":30},"end":{"line":49,"column":3}}},"5":{"name":"(anonymous_11)","decl":{"start":{"line":22,"column":2},"end":{"line":null,"column":-1}},"loc":{"start":{"line":22,"column":2},"end":{"line":27,"column":3}}},"6":{"name":"(anonymous_12)","decl":{"start":{"line":24,"column":48},"end":{"line":null,"column":-1}},"loc":{"start":{"line":24,"column":48},"end":{"line":26,"column":5}}},"7":{"name":"(anonymous_13)","decl":{"start":{"line":51,"column":2},"end":{"line":null,"column":-1}},"loc":{"start":{"line":51,"column":2},"end":{"line":86,"column":3}}}},"branchMap":{"0":{"loc":{"start":{"line":18,"column":0},"end":{"line":87,"column":0}},"type":"binary-expr","locations":[{"start":{"line":18,"column":0},"end":{"line":87,"column":0}},{"start":{"line":18,"column":0},"end":{"line":87,"column":0}},{"start":{"line":18,"column":0},"end":{"line":87,"column":0}}]},"1":{"loc":{"start":{"line":24,"column":4},"end":{"line":24,"column":10}},"type":"binary-expr","locations":[{"start":{"line":24,"column":4},"end":{"line":24,"column":10}},{"start":{"line":24,"column":14},"end":{"line":26,"column":6}}]}},"s":{"0":1,"1":1,"2":1,"3":1,"4":1,"5":1,"6":0,"7":0,"8":0,"9":0,"10":1,"11":0,"12":0,"13":0,"14":0,"15":1,"16":0,"17":1,"18":0,"19":1,"20":1,"21":1,"22":1,"23":0,"24":1,"25":1,"26":1},"f":{"0":2,"1":0,"2":0,"3":0,"4":0,"5":1,"6":0,"7":1},"b":{"0":[1,1,1],"1":[1,0]}}
,"C:\\Users\\yagol\\Documents\\projects\\react-aframe-typescript-boilerplate\\src\\pag360Video\\Pag360VideoCmp.tsx": {"path":"C:\\Users\\yagol\\Documents\\projects\\react-aframe-typescript-boilerplate\\src\\pag360Video\\Pag360VideoCmp.tsx","statementMap":{"0":{"start":{"line":11,"column":0},"end":{"line":11,"column":51}},"1":{"start":{"line":11,"column":36},"end":{"line":11,"column":77}},"2":{"start":{"line":11,"column":0},"end":{"line":63,"column":0}},"3":{"start":{"line":27,"column":10},"end":{"line":29,"column":4}},"4":{"start":{"line":28,"column":4},"end":{"line":28,"column":33}},"5":{"start":{"line":31,"column":10},"end":{"line":33,"column":4}},"6":{"start":{"line":32,"column":4},"end":{"line":32,"column":34}},"7":{"start":{"line":35,"column":10},"end":{"line":37,"column":4}},"8":{"start":{"line":36,"column":4},"end":{"line":36,"column":30}},"9":{"start":{"line":21,"column":9},"end":{"line":25,"column":3}},"10":{"start":{"line":21,"column":2},"end":{"line":25,"column":2}},"11":{"start":{"line":22,"column":4},"end":{"line":24,"column":6}},"12":{"start":{"line":23,"column":6},"end":{"line":23,"column":30}},"13":{"start":{"line":39,"column":9},"end":{"line":62,"column":3}},"14":{"start":{"line":40,"column":4},"end":{"line":61,"column":5}},"15":{"start":{"line":63,"column":0},"end":{"line":63,"column":1}}},"fnMap":{"0":{"name":"(anonymous_5)","decl":{"start":{"line":11,"column":0},"end":{"line":null,"column":-1}},"loc":{"start":{"line":11,"column":0},"end":{"line":11,"column":-1}}},"1":{"name":"(anonymous_7)","decl":{"start":{"line":27,"column":22},"end":{"line":null,"column":-1}},"loc":{"start":{"line":27,"column":22},"end":{"line":29,"column":3}}},"2":{"name":"(anonymous_8)","decl":{"start":{"line":31,"column":23},"end":{"line":null,"column":-1}},"loc":{"start":{"line":31,"column":23},"end":{"line":33,"column":3}}},"3":{"name":"(anonymous_9)","decl":{"start":{"line":35,"column":25},"end":{"line":null,"column":-1}},"loc":{"start":{"line":35,"column":25},"end":{"line":37,"column":3}}},"4":{"name":"(anonymous_10)","decl":{"start":{"line":21,"column":2},"end":{"line":null,"column":-1}},"loc":{"start":{"line":21,"column":2},"end":{"line":25,"column":3}}},"5":{"name":"(anonymous_11)","decl":{"start":{"line":22,"column":68},"end":{"line":null,"column":-1}},"loc":{"start":{"line":22,"column":68},"end":{"line":24,"column":5}}},"6":{"name":"(anonymous_12)","decl":{"start":{"line":39,"column":2},"end":{"line":null,"column":-1}},"loc":{"start":{"line":39,"column":2},"end":{"line":62,"column":3}}}},"branchMap":{"0":{"loc":{"start":{"line":11,"column":0},"end":{"line":63,"column":0}},"type":"binary-expr","locations":[{"start":{"line":11,"column":0},"end":{"line":63,"column":0}},{"start":{"line":11,"column":0},"end":{"line":63,"column":0}},{"start":{"line":11,"column":0},"end":{"line":63,"column":0}}]},"1":{"loc":{"start":{"line":22,"column":4},"end":{"line":22,"column":20}},"type":"binary-expr","locations":[{"start":{"line":22,"column":4},"end":{"line":22,"column":20}},{"start":{"line":22,"column":24},"end":{"line":24,"column":6}}]}},"s":{"0":1,"1":1,"2":1,"3":1,"4":0,"5":1,"6":0,"7":1,"8":0,"9":1,"10":1,"11":1,"12":0,"13":1,"14":1,"15":1},"f":{"0":2,"1":0,"2":0,"3":0,"4":1,"5":0,"6":1},"b":{"0":[1,1,1],"1":[1,0]}}
,"C:\\Users\\yagol\\Documents\\projects\\react-aframe-typescript-boilerplate\\src\\pag3DModel\\Pag3DModel.tsx": {"path":"C:\\Users\\yagol\\Documents\\projects\\react-aframe-typescript-boilerplate\\src\\pag3DModel\\Pag3DModel.tsx","statementMap":{"0":{"start":{"line":11,"column":0},"end":{"line":11,"column":73}},"1":{"start":{"line":11,"column":16},"end":{"line":11,"column":29}},"2":{"start":{"line":11,"column":31},"end":{"line":11,"column":42}},"3":{"start":{"line":11,"column":44},"end":{"line":11,"column":57}},"4":{"start":{"line":11,"column":59},"end":{"line":11,"column":72}},"5":{"start":{"line":13,"column":0},"end":{"line":13,"column":47}},"6":{"start":{"line":13,"column":32},"end":{"line":13,"column":75}},"7":{"start":{"line":13,"column":0},"end":{"line":100,"column":0}},"8":{"start":{"line":15,"column":9},"end":{"line":15,"column":45}},"9":{"start":{"line":19,"column":10},"end":{"line":19,"column":34}},"10":{"start":{"line":21,"column":10},"end":{"line":32,"column":4}},"11":{"start":{"line":38,"column":10},"end":{"line":40,"column":4}},"12":{"start":{"line":39,"column":4},"end":{"line":39,"column":46}},"13":{"start":{"line":42,"column":10},"end":{"line":44,"column":4}},"14":{"start":{"line":43,"column":4},"end":{"line":43,"column":46}},"15":{"start":{"line":46,"column":10},"end":{"line":48,"column":4}},"16":{"start":{"line":47,"column":4},"end":{"line":47,"column":46}},"17":{"start":{"line":50,"column":10},"end":{"line":52,"column":4}},"18":{"start":{"line":51,"column":4},"end":{"line":51,"column":46}},"19":{"start":{"line":54,"column":10},"end":{"line":56,"column":4}},"20":{"start":{"line":55,"column":4},"end":{"line":55,"column":30}},"21":{"start":{"line":34,"column":9},"end":{"line":36,"column":3}},"22":{"start":{"line":35,"column":4},"end":{"line":35,"column":81}},"23":{"start":{"line":58,"column":9},"end":{"line":99,"column":3}},"24":{"start":{"line":58,"column":2},"end":{"line":99,"column":2}},"25":{"start":{"line":59,"column":4},"end":{"line":98,"column":5}},"26":{"start":{"line":87,"column":59},"end":{"line":87,"column":78}},"27":{"start":{"line":100,"column":0},"end":{"line":100,"column":1}}},"fnMap":{"0":{"name":"(anonymous_5)","decl":{"start":{"line":11,"column":0},"end":{"line":11,"column":4}},"loc":{"start":{"line":11,"column":14},"end":{"line":11,"column":73}}},"1":{"name":"(anonymous_6)","decl":{"start":{"line":13,"column":0},"end":{"line":null,"column":-1}},"loc":{"start":{"line":13,"column":0},"end":{"line":13,"column":-1}}},"2":{"name":"(anonymous_8)","decl":{"start":{"line":38,"column":26},"end":{"line":null,"column":-1}},"loc":{"start":{"line":38,"column":26},"end":{"line":40,"column":3}}},"3":{"name":"(anonymous_9)","decl":{"start":{"line":42,"column":27},"end":{"line":null,"column":-1}},"loc":{"start":{"line":42,"column":27},"end":{"line":44,"column":3}}},"4":{"name":"(anonymous_10)","decl":{"start":{"line":46,"column":27},"end":{"line":null,"column":-1}},"loc":{"start":{"line":46,"column":27},"end":{"line":48,"column":3}}},"5":{"name":"(anonymous_11)","decl":{"start":{"line":50,"column":27},"end":{"line":null,"column":-1}},"loc":{"start":{"line":50,"column":27},"end":{"line":52,"column":3}}},"6":{"name":"(anonymous_12)","decl":{"start":{"line":54,"column":25},"end":{"line":null,"column":-1}},"loc":{"start":{"line":54,"column":25},"end":{"line":56,"column":3}}},"7":{"name":"(anonymous_13)","decl":{"start":{"line":34,"column":2},"end":{"line":null,"column":-1}},"loc":{"start":{"line":34,"column":2},"end":{"line":36,"column":3}}},"8":{"name":"(anonymous_14)","decl":{"start":{"line":58,"column":2},"end":{"line":null,"column":-1}},"loc":{"start":{"line":58,"column":2},"end":{"line":99,"column":3}}},"9":{"name":"(anonymous_15)","decl":{"start":{"line":87,"column":35},"end":{"line":87,"column":35}},"loc":{"start":{"line":87,"column":54},"end":{"line":87,"column":78}}}},"branchMap":{"0":{"loc":{"start":{"line":11,"column":5},"end":{"line":11,"column":14}},"type":"binary-expr","locations":[{"start":{"line":11,"column":5},"end":{"line":11,"column":14}},{"start":{"line":11,"column":5},"end":{"line":11,"column":14}}]},"1":{"loc":{"start":{"line":13,"column":0},"end":{"line":100,"column":0}},"type":"binary-expr","locations":[{"start":{"line":13,"column":0},"end":{"line":100,"column":0}},{"start":{"line":13,"column":0},"end":{"line":100,"column":0}},{"start":{"line":13,"column":0},"end":{"line":100,"column":0}}]},"2":{"loc":{"start":{"line":35,"column":4},"end":{"line":35,"column":20}},"type":"binary-expr","locations":[{"start":{"line":35,"column":4},"end":{"line":35,"column":20}},{"start":{"line":35,"column":24},"end":{"line":35,"column":80}}]}},"s":{"0":1,"1":1,"2":1,"3":1,"4":1,"5":1,"6":1,"7":1,"8":1,"9":1,"10":1,"11":1,"12":0,"13":1,"14":0,"15":1,"16":0,"17":1,"18":0,"19":1,"20":0,"21":1,"22":1,"23":1,"24":1,"25":1,"26":0,"27":1},"f":{"0":1,"1":2,"2":0,"3":0,"4":0,"5":0,"6":0,"7":1,"8":1,"9":0},"b":{"0":[1,1],"1":[1,1,1],"2":[1,0]}}
,"C:\\Users\\yagol\\Documents\\projects\\react-aframe-typescript-boilerplate\\src\\pagIndex\\PagIndexCmp.tsx": {"path":"C:\\Users\\yagol\\Documents\\projects\\react-aframe-typescript-boilerplate\\src\\pagIndex\\PagIndexCmp.tsx","statementMap":{"0":{"start":{"line":27,"column":17},"end":{"line":27,"column":65}},"1":{"start":{"line":28,"column":18},"end":{"line":28,"column":51}},"2":{"start":{"line":29,"column":21},"end":{"line":29,"column":56}},"3":{"start":{"line":30,"column":19},"end":{"line":30,"column":53}},"4":{"start":{"line":31,"column":20},"end":{"line":31,"column":55}},"5":{"start":{"line":32,"column":20},"end":{"line":32,"column":109}},"6":{"start":{"line":52,"column":0},"end":{"line":52,"column":48}},"7":{"start":{"line":52,"column":33},"end":{"line":52,"column":64}},"8":{"start":{"line":52,"column":0},"end":{"line":212,"column":0}},"9":{"start":{"line":54,"column":9},"end":{"line":67,"column":4}},"10":{"start":{"line":117,"column":10},"end":{"line":120,"column":3}},"11":{"start":{"line":118,"column":4},"end":{"line":118,"column":28}},"12":{"start":{"line":119,"column":4},"end":{"line":119,"column":25}},"13":{"start":{"line":122,"column":10},"end":{"line":126,"column":3}},"14":{"start":{"line":123,"column":4},"end":{"line":125,"column":17}},"15":{"start":{"line":124,"column":6},"end":{"line":124,"column":30}},"16":{"start":{"line":128,"column":10},"end":{"line":130,"column":3}},"17":{"start":{"line":129,"column":4},"end":{"line":129,"column":28}},"18":{"start":{"line":132,"column":10},"end":{"line":134,"column":3}},"19":{"start":{"line":133,"column":4},"end":{"line":133,"column":30}},"20":{"start":{"line":136,"column":10},"end":{"line":138,"column":3}},"21":{"start":{"line":137,"column":4},"end":{"line":137,"column":30}},"22":{"start":{"line":140,"column":10},"end":{"line":143,"column":3}},"23":{"start":{"line":141,"column":4},"end":{"line":141,"column":27}},"24":{"start":{"line":142,"column":4},"end":{"line":142,"column":35}},"25":{"start":{"line":71,"column":9},"end":{"line":103,"column":3}},"26":{"start":{"line":71,"column":2},"end":{"line":103,"column":2}},"27":{"start":{"line":76,"column":22},"end":{"line":76,"column":83}},"28":{"start":{"line":77,"column":4},"end":{"line":84,"column":7}},"29":{"start":{"line":78,"column":6},"end":{"line":83,"column":9}},"30":{"start":{"line":79,"column":25},"end":{"line":79,"column":54}},"31":{"start":{"line":82,"column":8},"end":{"line":82,"column":62}},"32":{"start":{"line":86,"column":24},"end":{"line":86,"column":77}},"33":{"start":{"line":87,"column":4},"end":{"line":94,"column":7}},"34":{"start":{"line":88,"column":6},"end":{"line":90,"column":9}},"35":{"start":{"line":89,"column":8},"end":{"line":89,"column":62}},"36":{"start":{"line":91,"column":6},"end":{"line":93,"column":8}},"37":{"start":{"line":92,"column":8},"end":{"line":92,"column":55}},"38":{"start":{"line":96,"column":4},"end":{"line":96,"column":77}},"39":{"start":{"line":98,"column":4},"end":{"line":98,"column":33}},"40":{"start":{"line":100,"column":4},"end":{"line":102,"column":6}},"41":{"start":{"line":101,"column":6},"end":{"line":101,"column":27}},"42":{"start":{"line":105,"column":10},"end":{"line":107,"column":3}},"43":{"start":{"line":106,"column":4},"end":{"line":106,"column":57}},"44":{"start":{"line":109,"column":10},"end":{"line":111,"column":3}},"45":{"start":{"line":110,"column":4},"end":{"line":110,"column":56}},"46":{"start":{"line":113,"column":10},"end":{"line":115,"column":3}},"47":{"start":{"line":114,"column":4},"end":{"line":114,"column":55}},"48":{"start":{"line":145,"column":9},"end":{"line":211,"column":3}},"49":{"start":{"line":145,"column":2},"end":{"line":211,"column":2}},"50":{"start":{"line":146,"column":4},"end":{"line":210,"column":6}},"51":{"start":{"line":200,"column":51},"end":{"line":200,"column":87}},"52":{"start":{"line":202,"column":51},"end":{"line":202,"column":88}},"53":{"start":{"line":204,"column":51},"end":{"line":204,"column":87}},"54":{"start":{"line":212,"column":0},"end":{"line":212,"column":1}}},"fnMap":{"0":{"name":"(anonymous_5)","decl":{"start":{"line":52,"column":0},"end":{"line":null,"column":-1}},"loc":{"start":{"line":52,"column":0},"end":{"line":52,"column":-1}}},"1":{"name":"(anonymous_7)","decl":{"start":{"line":117,"column":23},"end":{"line":null,"column":-1}},"loc":{"start":{"line":117,"column":23},"end":{"line":120,"column":3}}},"2":{"name":"(anonymous_8)","decl":{"start":{"line":122,"column":30},"end":{"line":122,"column":30}},"loc":{"start":{"line":122,"column":48},"end":{"line":126,"column":3}}},"3":{"name":"(anonymous_9)","decl":{"start":{"line":123,"column":16},"end":{"line":null,"column":-1}},"loc":{"start":{"line":123,"column":16},"end":{"line":125,"column":5}}},"4":{"name":"(anonymous_10)","decl":{"start":{"line":128,"column":24},"end":{"line":null,"column":-1}},"loc":{"start":{"line":128,"column":24},"end":{"line":130,"column":3}}},"5":{"name":"(anonymous_11)","decl":{"start":{"line":132,"column":25},"end":{"line":null,"column":-1}},"loc":{"start":{"line":132,"column":25},"end":{"line":134,"column":3}}},"6":{"name":"(anonymous_12)","decl":{"start":{"line":136,"column":26},"end":{"line":null,"column":-1}},"loc":{"start":{"line":136,"column":26},"end":{"line":138,"column":3}}},"7":{"name":"(anonymous_13)","decl":{"start":{"line":140,"column":25},"end":{"line":140,"column":25}},"loc":{"start":{"line":140,"column":51},"end":{"line":143,"column":3}}},"8":{"name":"(anonymous_14)","decl":{"start":{"line":71,"column":2},"end":{"line":null,"column":-1}},"loc":{"start":{"line":71,"column":2},"end":{"line":103,"column":3}}},"9":{"name":"(anonymous_15)","decl":{"start":{"line":77,"column":35},"end":{"line":77,"column":35}},"loc":{"start":{"line":77,"column":59},"end":{"line":84,"column":5}}},"10":{"name":"(anonymous_16)","decl":{"start":{"line":78,"column":37},"end":{"line":78,"column":37}},"loc":{"start":{"line":78,"column":48},"end":{"line":83,"column":7}}},"11":{"name":"(anonymous_17)","decl":{"start":{"line":87,"column":37},"end":{"line":87,"column":37}},"loc":{"start":{"line":87,"column":58},"end":{"line":94,"column":5}}},"12":{"name":"(anonymous_18)","decl":{"start":{"line":88,"column":43},"end":{"line":null,"column":-1}},"loc":{"start":{"line":88,"column":43},"end":{"line":90,"column":7}}},"13":{"name":"(anonymous_19)","decl":{"start":{"line":91,"column":43},"end":{"line":null,"column":-1}},"loc":{"start":{"line":91,"column":43},"end":{"line":93,"column":7}}},"14":{"name":"(anonymous_20)","decl":{"start":{"line":100,"column":65},"end":{"line":null,"column":-1}},"loc":{"start":{"line":100,"column":65},"end":{"line":102,"column":5}}},"15":{"name":"(anonymous_21)","decl":{"start":{"line":105,"column":2},"end":{"line":105,"column":21}},"loc":{"start":{"line":105,"column":39},"end":{"line":107,"column":3}}},"16":{"name":"(anonymous_22)","decl":{"start":{"line":109,"column":2},"end":{"line":null,"column":-1}},"loc":{"start":{"line":109,"column":2},"end":{"line":111,"column":3}}},"17":{"name":"(anonymous_23)","decl":{"start":{"line":113,"column":2},"end":{"line":null,"column":-1}},"loc":{"start":{"line":113,"column":2},"end":{"line":115,"column":3}}},"18":{"name":"(anonymous_24)","decl":{"start":{"line":145,"column":2},"end":{"line":null,"column":-1}},"loc":{"start":{"line":145,"column":2},"end":{"line":211,"column":3}}},"19":{"name":"(anonymous_25)","decl":{"start":{"line":200,"column":45},"end":{"line":200,"column":50}},"loc":{"start":{"line":200,"column":45},"end":{"line":200,"column":87}}},"20":{"name":"(anonymous_26)","decl":{"start":{"line":202,"column":45},"end":{"line":202,"column":50}},"loc":{"start":{"line":202,"column":45},"end":{"line":202,"column":88}}},"21":{"name":"(anonymous_27)","decl":{"start":{"line":204,"column":45},"end":{"line":204,"column":50}},"loc":{"start":{"line":204,"column":45},"end":{"line":204,"column":87}}}},"branchMap":{"0":{"loc":{"start":{"line":52,"column":0},"end":{"line":212,"column":0}},"type":"binary-expr","locations":[{"start":{"line":52,"column":0},"end":{"line":212,"column":0}},{"start":{"line":52,"column":0},"end":{"line":212,"column":0}},{"start":{"line":52,"column":0},"end":{"line":212,"column":0}}]},"1":{"loc":{"start":{"line":96,"column":4},"end":{"line":96,"column":20}},"type":"binary-expr","locations":[{"start":{"line":96,"column":4},"end":{"line":96,"column":20}},{"start":{"line":96,"column":24},"end":{"line":96,"column":76}}]},"2":{"loc":{"start":{"line":100,"column":4},"end":{"line":100,"column":19}},"type":"binary-expr","locations":[{"start":{"line":100,"column":4},"end":{"line":100,"column":19}},{"start":{"line":100,"column":23},"end":{"line":102,"column":6}}]}},"s":{"0":1,"1":1,"2":1,"3":1,"4":1,"5":1,"6":1,"7":1,"8":1,"9":1,"10":1,"11":0,"12":0,"13":1,"14":1,"15":0,"16":1,"17":0,"18":1,"19":0,"20":1,"21":0,"22":1,"23":0,"24":0,"25":1,"26":1,"27":1,"28":1,"29":0,"30":0,"31":0,"32":1,"33":1,"34":0,"35":0,"36":0,"37":0,"38":1,"39":1,"40":1,"41":0,"42":1,"43":1,"44":1,"45":0,"46":1,"47":0,"48":1,"49":1,"50":1,"51":0,"52":0,"53":0,"54":1},"f":{"0":2,"1":0,"2":1,"3":0,"4":0,"5":0,"6":0,"7":0,"8":1,"9":0,"10":0,"11":0,"12":0,"13":0,"14":0,"15":1,"16":0,"17":0,"18":1,"19":0,"20":0,"21":0},"b":{"0":[1,1,1],"1":[1,0],"2":[1,0]}}
}
