{"C:\\Users\\UsuarioAurora\\Documents\\WebstormProjects\\react-aframe-typescript-boilerplate\\src\\index.tsx": {"path":"C:\\Users\\UsuarioAurora\\Documents\\WebstormProjects\\react-aframe-typescript-boilerplate\\src\\index.tsx","statementMap":{"0":{"start":{"line":1,"column":13},"end":{"line":1,"column":42}},"1":{"start":{"line":1,"column":42},"end":{"line":1,"column":55}},"2":{"start":{"line":1,"column":68},"end":{"line":1,"column":84}},"3":{"start":{"line":1,"column":99},"end":{"line":1,"column":129}},"4":{"start":{"line":2,"column":16},"end":{"line":2,"column":36}},"5":{"start":{"line":2,"column":54},"end":{"line":2,"column":87}},"6":{"start":{"line":3,"column":22},"end":{"line":3,"column":49}},"7":{"start":{"line":4,"column":19},"end":{"line":4,"column":52}},"8":{"start":{"line":4,"column":73},"end":{"line":4,"column":109}},"9":{"start":{"line":5,"column":21},"end":{"line":5,"column":58}},"10":{"start":{"line":5,"column":81},"end":{"line":5,"column":119}},"11":{"start":{"line":6,"column":18},"end":{"line":6,"column":52}},"12":{"start":{"line":6,"column":72},"end":{"line":6,"column":107}},"13":{"start":{"line":7,"column":22},"end":{"line":7,"column":61}},"14":{"start":{"line":7,"column":85},"end":{"line":7,"column":124}},"15":{"start":{"line":8,"column":0},"end":{"line":8,"column":23}},"16":{"start":{"line":8,"column":61},"end":{"line":8,"column":115}},"17":{"start":{"line":10,"column":0},"end":{"line":15,"column":149}}},"fnMap":{"0":{"name":"_interopRequireDefault","decl":{"start":{"line":8,"column":32},"end":{"line":8,"column":54}},"loc":{"start":{"line":8,"column":60},"end":{"line":8,"column":116}},"line":8}},"branchMap":{"0":{"loc":{"start":{"line":8,"column":68},"end":{"line":8,"column":114}},"type":"cond-expr","locations":[{"start":{"line":8,"column":92},"end":{"line":8,"column":95}},{"start":{"line":8,"column":98},"end":{"line":8,"column":114}}],"line":8},"1":{"loc":{"start":{"line":8,"column":68},"end":{"line":8,"column":89}},"type":"binary-expr","locations":[{"start":{"line":8,"column":68},"end":{"line":8,"column":71}},{"start":{"line":8,"column":75},"end":{"line":8,"column":89}}],"line":8}},"s":{"0":0,"1":0,"2":0,"3":0,"4":0,"5":0,"6":0,"7":0,"8":0,"9":0,"10":0,"11":0,"12":0,"13":0,"14":0,"15":0,"16":0,"17":0},"f":{"0":0},"b":{"0":[0,0],"1":[0,0]}}
,"C:\\Users\\UsuarioAurora\\Documents\\WebstormProjects\\react-aframe-typescript-boilerplate\\src\\components\\dialog\\DialogCmp.tsx": {"path":"C:\\Users\\UsuarioAurora\\Documents\\WebstormProjects\\react-aframe-typescript-boilerplate\\src\\components\\dialog\\DialogCmp.tsx","statementMap":{"0":{"start":{"line":10,"column":0},"end":{"line":10,"column":36}},"1":{"start":{"line":10,"column":36},"end":{"line":10,"column":67}},"2":{"start":{"line":20,"column":9},"end":{"line":25,"column":3}},"3":{"start":{"line":20,"column":2},"end":{"line":25,"column":2}},"4":{"start":{"line":21,"column":10},"end":{"line":21,"column":26}},"5":{"start":{"line":22,"column":4},"end":{"line":22,"column":21}},"6":{"start":{"line":23,"column":6},"end":{"line":23,"column":11}},"7":{"start":{"line":27,"column":9},"end":{"line":30,"column":3}},"8":{"start":{"line":28,"column":4},"end":{"line":28,"column":49}},"9":{"start":{"line":29,"column":4},"end":{"line":29,"column":46}},"10":{"start":{"line":32,"column":9},"end":{"line":36,"column":3}},"11":{"start":{"line":33,"column":4},"end":{"line":33,"column":41}},"12":{"start":{"line":34,"column":4},"end":{"line":34,"column":49}},"13":{"start":{"line":35,"column":4},"end":{"line":35,"column":46}},"14":{"start":{"line":38,"column":9},"end":{"line":48,"column":3}},"15":{"start":{"line":38,"column":2},"end":{"line":48,"column":2}},"16":{"start":{"line":39,"column":4},"end":{"line":44,"column":25}},"17":{"start":{"line":40,"column":6},"end":{"line":40,"column":18}},"18":{"start":{"line":15,"column":17},"end":{"line":15,"column":38}},"19":{"start":{"line":18,"column":17},"end":{"line":18,"column":38}},"20":{"start":{"line":49,"column":0},"end":{"line":49,"column":1}}},"fnMap":{"0":{"name":"(anonymous_5)","decl":{"start":{"line":10,"column":0},"end":{"line":null,"column":-1}},"loc":{"start":{"line":10,"column":0},"end":{"line":10,"column":35}}},"1":{"name":"(anonymous_7)","decl":{"start":{"line":20,"column":2},"end":{"line":null,"column":-1}},"loc":{"start":{"line":20,"column":2},"end":{"line":25,"column":3}}},"2":{"name":"(anonymous_8)","decl":{"start":{"line":22,"column":4},"end":{"line":22,"column":34}},"loc":{"start":{"line":22,"column":4},"end":{"line":22,"column":21}}},"3":{"name":"(anonymous_9)","decl":{"start":{"line":27,"column":2},"end":{"line":null,"column":-1}},"loc":{"start":{"line":27,"column":2},"end":{"line":30,"column":3}}},"4":{"name":"(anonymous_10)","decl":{"start":{"line":32,"column":2},"end":{"line":null,"column":-1}},"loc":{"start":{"line":32,"column":2},"end":{"line":36,"column":3}}},"5":{"name":"(anonymous_11)","decl":{"start":{"line":38,"column":2},"end":{"line":null,"column":-1}},"loc":{"start":{"line":38,"column":2},"end":{"line":48,"column":3}}},"6":{"name":"(anonymous_12)","decl":{"start":{"line":40,"column":6},"end":{"line":40,"column":10}},"loc":{"start":{"line":40,"column":6},"end":{"line":40,"column":18}}}},"branchMap":{"0":{"loc":{"start":{"line":21,"column":10},"end":{"line":21,"column":25}},"type":"binary-expr","locations":[{"start":{"line":21,"column":10},"end":{"line":21,"column":25}},{"start":{"line":21,"column":10},"end":{"line":21,"column":26}}]},"1":{"loc":{"start":{"line":22,"column":4},"end":{"line":22,"column":34}},"type":"binary-expr","locations":[{"start":{"line":22,"column":4},"end":{"line":22,"column":34}},{"start":{"line":22,"column":4},"end":{"line":22,"column":21}}]}},"s":{"0":2,"1":2,"2":2,"3":3,"4":3,"5":3,"6":0,"7":2,"8":0,"9":0,"10":2,"11":0,"12":0,"13":0,"14":2,"15":3,"16":3,"17":3,"18":2,"19":2,"20":2},"f":{"0":5,"1":3,"2":0,"3":0,"4":0,"5":3,"6":3},"b":{"0":[3,1],"1":[3,1]}}
,"C:\\Users\\UsuarioAurora\\Documents\\WebstormProjects\\react-aframe-typescript-boilerplate\\src\\components\\loader\\LoaderCmp.tsx": {"path":"C:\\Users\\UsuarioAurora\\Documents\\WebstormProjects\\react-aframe-typescript-boilerplate\\src\\components\\loader\\LoaderCmp.tsx","statementMap":{"0":{"start":{"line":2,"column":0},"end":{"line":14,"column":36}},"1":{"start":{"line":39,"column":2},"end":{"line":40,"column":3}},"2":{"start":{"line":41,"column":10},"end":{"line":41,"column":23}},"3":{"start":{"line":42,"column":10},"end":{"line":42,"column":22}},"4":{"start":{"line":43,"column":4},"end":{"line":43,"column":72}},"5":{"start":{"line":46,"column":9},"end":{"line":52,"column":3}},"6":{"start":{"line":46,"column":2},"end":{"line":52,"column":2}},"7":{"start":{"line":47,"column":4},"end":{"line":47,"column":40}},"8":{"start":{"line":48,"column":4},"end":{"line":48,"column":37}},"9":{"start":{"line":49,"column":4},"end":{"line":51,"column":7}},"10":{"start":{"line":50,"column":6},"end":{"line":50,"column":40}},"11":{"start":{"line":54,"column":9},"end":{"line":56,"column":3}},"12":{"start":{"line":55,"column":4},"end":{"line":55,"column":37}},"13":{"start":{"line":58,"column":9},"end":{"line":62,"column":3}},"14":{"start":{"line":58,"column":2},"end":{"line":62,"column":2}},"15":{"start":{"line":58,"column":41},"end":{"line":58,"column":40}},"16":{"start":{"line":59,"column":4},"end":{"line":59,"column":14}},"17":{"start":{"line":60,"column":6},"end":{"line":60,"column":11}},"18":{"start":{"line":64,"column":9},"end":{"line":75,"column":3}},"19":{"start":{"line":64,"column":2},"end":{"line":75,"column":2}},"20":{"start":{"line":65,"column":4},"end":{"line":71,"column":36}},"21":{"start":{"line":66,"column":14},"end":{"line":66,"column":38}},"22":{"start":{"line":76,"column":0},"end":{"line":null,"column":-1}}},"fnMap":{"0":{"name":"(anonymous_5)","decl":{"start":{"line":2,"column":0},"end":{"line":null,"column":-1}},"loc":{"start":{"line":2,"column":0},"end":{"line":14,"column":0}}},"1":{"name":"Loader","decl":{"start":{"line":39,"column":2},"end":{"line":39,"column":20}},"loc":{"start":{"line":39,"column":21},"end":{"line":44,"column":3}}},"2":{"name":"(anonymous_7)","decl":{"start":{"line":46,"column":2},"end":{"line":null,"column":-1}},"loc":{"start":{"line":46,"column":2},"end":{"line":52,"column":3}}},"3":{"name":"(anonymous_8)","decl":{"start":{"line":49,"column":16},"end":{"line":null,"column":-1}},"loc":{"start":{"line":49,"column":16},"end":{"line":51,"column":5}}},"4":{"name":"(anonymous_9)","decl":{"start":{"line":54,"column":2},"end":{"line":null,"column":-1}},"loc":{"start":{"line":54,"column":2},"end":{"line":56,"column":3}}},"5":{"name":"(anonymous_10)","decl":{"start":{"line":58,"column":2},"end":{"line":58,"column":17}},"loc":{"start":{"line":58,"column":41},"end":{"line":62,"column":3}}},"6":{"name":"(anonymous_11)","decl":{"start":{"line":59,"column":4},"end":{"line":59,"column":20}},"loc":{"start":{"line":59,"column":4},"end":{"line":59,"column":14}}},"7":{"name":"(anonymous_12)","decl":{"start":{"line":64,"column":2},"end":{"line":null,"column":-1}},"loc":{"start":{"line":64,"column":2},"end":{"line":75,"column":3}}},"8":{"name":"(anonymous_13)","decl":{"start":{"line":66,"column":6},"end":{"line":66,"column":10}},"loc":{"start":{"line":66,"column":14},"end":{"line":66,"column":38}}}},"branchMap":{"0":{"loc":{"start":{"line":39,"column":2},"end":{"line":40,"column":3}},"type":"binary-expr","locations":[{"start":{"line":39,"column":2},"end":{"line":40,"column":3}},{"start":{"line":39,"column":2},"end":{"line":40,"column":3}}]},"1":{"loc":{"start":{"line":41,"column":10},"end":{"line":41,"column":23}},"type":"binary-expr","locations":[{"start":{"line":41,"column":10},"end":{"line":41,"column":23}},{"start":{"line":41,"column":10},"end":{"line":41,"column":23}}]},"2":{"loc":{"start":{"line":42,"column":10},"end":{"line":42,"column":22}},"type":"binary-expr","locations":[{"start":{"line":42,"column":10},"end":{"line":42,"column":22}},{"start":{"line":42,"column":10},"end":{"line":42,"column":22}}]},"3":{"loc":{"start":{"line":58,"column":41},"end":{"line":58,"column":40}},"type":"if","locations":[{"start":{"line":58,"column":41},"end":{"line":58,"column":40}},{"start":{"line":58,"column":41},"end":{"line":58,"column":40}}]},"4":{"loc":{"start":{"line":59,"column":4},"end":{"line":59,"column":20}},"type":"binary-expr","locations":[{"start":{"line":59,"column":4},"end":{"line":59,"column":20}},{"start":{"line":59,"column":4},"end":{"line":59,"column":14}}]}},"s":{"0":5,"1":6,"2":6,"3":6,"4":6,"5":5,"6":0,"7":0,"8":0,"9":0,"10":0,"11":5,"12":0,"13":5,"14":2,"15":2,"16":2,"17":0,"18":5,"19":6,"20":6,"21":6,"22":5},"f":{"0":5,"1":6,"2":0,"3":0,"4":0,"5":2,"6":0,"7":6,"8":6},"b":{"0":[6,6],"1":[6,6],"2":[6,6],"3":[0,2],"4":[2,0]}}
,"C:\\Users\\UsuarioAurora\\Documents\\WebstormProjects\\react-aframe-typescript-boilerplate\\src\\components\\sideMenu\\SideMenuCmp.tsx": {"path":"C:\\Users\\UsuarioAurora\\Documents\\WebstormProjects\\react-aframe-typescript-boilerplate\\src\\components\\sideMenu\\SideMenuCmp.tsx","statementMap":{"0":{"start":{"line":4,"column":6},"end":{"line":4,"column":19}},"1":{"start":{"line":15,"column":0},"end":{"line":15,"column":38}},"2":{"start":{"line":15,"column":38},"end":{"line":15,"column":65}},"3":{"start":{"line":19,"column":9},"end":{"line":28,"column":3}},"4":{"start":{"line":20,"column":4},"end":{"line":27,"column":5}},"5":{"start":{"line":22,"column":6},"end":{"line":24,"column":7}},"6":{"start":{"line":23,"column":8},"end":{"line":23,"column":22}},"7":{"start":{"line":20,"column":26},"end":{"line":26,"column":11}},"8":{"start":{"line":30,"column":9},"end":{"line":35,"column":3}},"9":{"start":{"line":30,"column":2},"end":{"line":35,"column":2}},"10":{"start":{"line":31,"column":10},"end":{"line":31,"column":26}},"11":{"start":{"line":32,"column":4},"end":{"line":32,"column":21}},"12":{"start":{"line":33,"column":6},"end":{"line":33,"column":11}},"13":{"start":{"line":39,"column":4},"end":{"line":39,"column":43}},"14":{"start":{"line":40,"column":4},"end":{"line":40,"column":44}},"15":{"start":{"line":41,"column":4},"end":{"line":41,"column":41}},"16":{"start":{"line":44,"column":9},"end":{"line":47,"column":3}},"17":{"start":{"line":45,"column":4},"end":{"line":45,"column":41}},"18":{"start":{"line":46,"column":4},"end":{"line":46,"column":44}},"19":{"start":{"line":49,"column":9},"end":{"line":75,"column":3}},"20":{"start":{"line":49,"column":2},"end":{"line":75,"column":2}},"21":{"start":{"line":50,"column":4},"end":{"line":70,"column":25}},"22":{"start":{"line":51,"column":11},"end":{"line":51,"column":18}},"23":{"start":{"line":63,"column":18},"end":{"line":65,"column":23}},"24":{"start":{"line":76,"column":0},"end":{"line":null,"column":-1}}},"fnMap":{"0":{"name":"(anonymous_5)","decl":{"start":{"line":15,"column":0},"end":{"line":null,"column":-1}},"loc":{"start":{"line":15,"column":0},"end":{"line":15,"column":37}}},"1":{"name":"(anonymous_7)","decl":{"start":{"line":19,"column":2},"end":{"line":null,"column":-1}},"loc":{"start":{"line":19,"column":2},"end":{"line":28,"column":3}}},"2":{"name":"(anonymous_8)","decl":{"start":{"line":22,"column":32},"end":{"line":22,"column":31}},"loc":{"start":{"line":22,"column":32},"end":{"line":24,"column":7}}},"3":{"name":"(anonymous_9)","decl":{"start":{"line":30,"column":2},"end":{"line":null,"column":-1}},"loc":{"start":{"line":30,"column":2},"end":{"line":35,"column":3}}},"4":{"name":"(anonymous_10)","decl":{"start":{"line":32,"column":4},"end":{"line":32,"column":34}},"loc":{"start":{"line":32,"column":4},"end":{"line":32,"column":21}}},"5":{"name":"(anonymous_12)","decl":{"start":{"line":44,"column":2},"end":{"line":null,"column":-1}},"loc":{"start":{"line":44,"column":2},"end":{"line":47,"column":3}}},"6":{"name":"(anonymous_13)","decl":{"start":{"line":49,"column":2},"end":{"line":null,"column":-1}},"loc":{"start":{"line":49,"column":2},"end":{"line":75,"column":3}}},"7":{"name":"(anonymous_14)","decl":{"start":{"line":51,"column":6},"end":{"line":51,"column":10}},"loc":{"start":{"line":51,"column":6},"end":{"line":51,"column":18}}},"8":{"name":"(anonymous_15)","decl":{"start":{"line":61,"column":14},"end":{"line":61,"column":18}},"loc":{"start":{"line":61,"column":25},"end":{"line":61,"column":34}}}},"branchMap":{"0":{"loc":{"start":{"line":20,"column":4},"end":{"line":27,"column":5}},"type":"if","locations":[{"start":{"line":20,"column":4},"end":{"line":27,"column":5}},{"start":{"line":20,"column":4},"end":{"line":27,"column":5}}]},"1":{"loc":{"start":{"line":31,"column":10},"end":{"line":31,"column":25}},"type":"binary-expr","locations":[{"start":{"line":31,"column":10},"end":{"line":31,"column":25}},{"start":{"line":31,"column":10},"end":{"line":31,"column":26}}]},"2":{"loc":{"start":{"line":32,"column":4},"end":{"line":32,"column":34}},"type":"binary-expr","locations":[{"start":{"line":32,"column":4},"end":{"line":32,"column":34}},{"start":{"line":32,"column":4},"end":{"line":32,"column":21}}]},"3":{"loc":{"start":{"line":61,"column":14},"end":{"line":61,"column":18}},"type":"binary-expr","locations":[{"start":{"line":61,"column":14},"end":{"line":61,"column":18}},{"start":{"line":61,"column":14},"end":{"line":61,"column":34}}]},"4":{"loc":{"start":{"line":63,"column":34},"end":{"line":63,"column":58}},"type":"cond-expr","locations":[{"start":{"line":63,"column":34},"end":{"line":63,"column":58}},{"start":{"line":63,"column":58},"end":{"line":63,"column":66}}]},"5":{"loc":{"start":{"line":70,"column":14},"end":{"line":70,"column":18}},"type":"binary-expr","locations":[{"start":{"line":70,"column":14},"end":{"line":70,"column":18}},{"start":{"line":70,"column":14},"end":{"line":70,"column":25}}]}},"s":{"0":5,"1":5,"2":5,"3":5,"4":6,"5":4,"6":16,"7":4,"8":5,"9":6,"10":6,"11":6,"12":0,"13":0,"14":0,"15":0,"16":5,"17":0,"18":0,"19":5,"20":6,"21":6,"22":6,"23":16,"24":5},"f":{"0":11,"1":6,"2":16,"3":6,"4":0,"5":0,"6":6,"7":6,"8":16},"b":{"0":[4,2],"1":[6,1],"2":[6,1],"3":[6,4],"4":[4,12],"5":[6,2]}}
,"C:\\Users\\UsuarioAurora\\Documents\\WebstormProjects\\react-aframe-typescript-boilerplate\\src\\components\\topMenu\\TopMenuCmp.tsx": {"path":"C:\\Users\\UsuarioAurora\\Documents\\WebstormProjects\\react-aframe-typescript-boilerplate\\src\\components\\topMenu\\TopMenuCmp.tsx","statementMap":{"0":{"start":{"line":3,"column":6},"end":{"line":3,"column":21}},"1":{"start":{"line":4,"column":6},"end":{"line":4,"column":20}},"2":{"start":{"line":7,"column":0},"end":{"line":7,"column":37}},"3":{"start":{"line":7,"column":37},"end":{"line":7,"column":56}},"4":{"start":{"line":7,"column":0},"end":{"line":46,"column":0}},"5":{"start":{"line":16,"column":10},"end":{"line":18,"column":3}},"6":{"start":{"line":17,"column":4},"end":{"line":17,"column":9}},"7":{"start":{"line":20,"column":10},"end":{"line":22,"column":3}},"8":{"start":{"line":21,"column":4},"end":{"line":21,"column":19}},"9":{"start":{"line":24,"column":9},"end":{"line":45,"column":3}},"10":{"start":{"line":26,"column":4},"end":{"line":44,"column":5}},"11":{"start":{"line":27,"column":6},"end":{"line":31,"column":32}},"12":{"start":{"line":37,"column":6},"end":{"line":40,"column":32}},"13":{"start":{"line":46,"column":0},"end":{"line":null,"column":-1}}},"fnMap":{"0":{"name":"(anonymous_5)","decl":{"start":{"line":7,"column":0},"end":{"line":null,"column":-1}},"loc":{"start":{"line":7,"column":0},"end":{"line":7,"column":36}}},"1":{"name":"(anonymous_7)","decl":{"start":{"line":16,"column":27},"end":{"line":null,"column":-1}},"loc":{"start":{"line":16,"column":27},"end":{"line":18,"column":3}}},"2":{"name":"(anonymous_8)","decl":{"start":{"line":20,"column":29},"end":{"line":null,"column":-1}},"loc":{"start":{"line":20,"column":29},"end":{"line":22,"column":3}}},"3":{"name":"(anonymous_9)","decl":{"start":{"line":24,"column":2},"end":{"line":null,"column":-1}},"loc":{"start":{"line":24,"column":2},"end":{"line":45,"column":3}}}},"branchMap":{"0":{"loc":{"start":{"line":7,"column":0},"end":{"line":46,"column":0}},"type":"binary-expr","locations":[{"start":{"line":7,"column":0},"end":{"line":46,"column":0}},{"start":{"line":7,"column":0},"end":{"line":46,"column":0}},{"start":{"line":7,"column":0},"end":{"line":46,"column":0}}]},"1":{"loc":{"start":{"line":17,"column":4},"end":{"line":17,"column":8}},"type":"binary-expr","locations":[{"start":{"line":17,"column":4},"end":{"line":17,"column":8}},{"start":{"line":17,"column":4},"end":{"line":17,"column":8}}]},"2":{"loc":{"start":{"line":26,"column":4},"end":{"line":44,"column":5}},"type":"if","locations":[{"start":{"line":26,"column":4},"end":{"line":44,"column":5}},{"start":{"line":26,"column":4},"end":{"line":44,"column":5}}]},"3":{"loc":{"start":{"line":31,"column":10},"end":{"line":31,"column":14}},"type":"binary-expr","locations":[{"start":{"line":31,"column":10},"end":{"line":31,"column":14}},{"start":{"line":31,"column":10},"end":{"line":31,"column":21}}]},"4":{"loc":{"start":{"line":40,"column":10},"end":{"line":40,"column":14}},"type":"binary-expr","locations":[{"start":{"line":40,"column":10},"end":{"line":40,"column":14}},{"start":{"line":40,"column":10},"end":{"line":40,"column":21}}]}},"s":{"0":5,"1":5,"2":5,"3":5,"4":6,"5":6,"6":0,"7":6,"8":0,"9":5,"10":6,"11":6,"12":0,"13":5},"f":{"0":11,"1":0,"2":0,"3":6},"b":{"0":[6,6,6],"1":[0,0],"2":[6,0],"3":[6,5],"4":[0,0]}}
,"C:\\Users\\UsuarioAurora\\Documents\\WebstormProjects\\react-aframe-typescript-boilerplate\\src\\pag2DVideo\\Pag2DVideoCmp.tsx": {"path":"C:\\Users\\UsuarioAurora\\Documents\\WebstormProjects\\react-aframe-typescript-boilerplate\\src\\pag2DVideo\\Pag2DVideoCmp.tsx","statementMap":{"0":{"start":{"line":2,"column":0},"end":{"line":null,"column":-1}},"1":{"start":{"line":3,"column":0},"end":{"line":null,"column":-1}},"2":{"start":{"line":12,"column":6},"end":{"line":12,"column":18}},"3":{"start":{"line":19,"column":0},"end":{"line":88,"column":0}},"4":{"start":{"line":30,"column":10},"end":{"line":35,"column":3}},"5":{"start":{"line":31,"column":10},"end":{"line":31,"column":20}},"6":{"start":{"line":32,"column":10},"end":{"line":32,"column":20}},"7":{"start":{"line":33,"column":4},"end":{"line":33,"column":13}},"8":{"start":{"line":34,"column":4},"end":{"line":34,"column":13}},"9":{"start":{"line":37,"column":10},"end":{"line":42,"column":3}},"10":{"start":{"line":38,"column":10},"end":{"line":38,"column":20}},"11":{"start":{"line":39,"column":10},"end":{"line":39,"column":20}},"12":{"start":{"line":40,"column":4},"end":{"line":40,"column":13}},"13":{"start":{"line":41,"column":4},"end":{"line":41,"column":13}},"14":{"start":{"line":44,"column":10},"end":{"line":46,"column":3}},"15":{"start":{"line":45,"column":4},"end":{"line":45,"column":23}},"16":{"start":{"line":48,"column":10},"end":{"line":50,"column":3}},"17":{"start":{"line":49,"column":4},"end":{"line":49,"column":23}},"18":{"start":{"line":23,"column":9},"end":{"line":28,"column":3}},"19":{"start":{"line":23,"column":2},"end":{"line":28,"column":2}},"20":{"start":{"line":24,"column":10},"end":{"line":24,"column":18}},"21":{"start":{"line":25,"column":4},"end":{"line":25,"column":14}},"22":{"start":{"line":26,"column":6},"end":{"line":26,"column":23}},"23":{"start":{"line":52,"column":9},"end":{"line":87,"column":3}},"24":{"start":{"line":53,"column":4},"end":{"line":80,"column":39}},"25":{"start":{"line":88,"column":0},"end":{"line":null,"column":-1}}},"fnMap":{"0":{"name":"Pag2DVideoCmp","decl":{"start":{"line":19,"column":0},"end":{"line":null,"column":-1}},"loc":{"start":{"line":19,"column":0},"end":{"line":88,"column":1}}},"1":{"name":"(anonymous_7)","decl":{"start":{"line":30,"column":28},"end":{"line":null,"column":-1}},"loc":{"start":{"line":30,"column":28},"end":{"line":35,"column":3}}},"2":{"name":"(anonymous_8)","decl":{"start":{"line":37,"column":27},"end":{"line":null,"column":-1}},"loc":{"start":{"line":37,"column":27},"end":{"line":42,"column":3}}},"3":{"name":"(anonymous_9)","decl":{"start":{"line":44,"column":28},"end":{"line":null,"column":-1}},"loc":{"start":{"line":44,"column":28},"end":{"line":46,"column":3}}},"4":{"name":"(anonymous_10)","decl":{"start":{"line":48,"column":30},"end":{"line":null,"column":-1}},"loc":{"start":{"line":48,"column":30},"end":{"line":50,"column":3}}},"5":{"name":"(anonymous_11)","decl":{"start":{"line":23,"column":2},"end":{"line":null,"column":-1}},"loc":{"start":{"line":23,"column":2},"end":{"line":28,"column":3}}},"6":{"name":"(anonymous_12)","decl":{"start":{"line":25,"column":4},"end":{"line":25,"column":20}},"loc":{"start":{"line":25,"column":4},"end":{"line":25,"column":14}}},"7":{"name":"(anonymous_13)","decl":{"start":{"line":52,"column":2},"end":{"line":null,"column":-1}},"loc":{"start":{"line":52,"column":2},"end":{"line":87,"column":3}}}},"branchMap":{"0":{"loc":{"start":{"line":19,"column":0},"end":{"line":88,"column":0}},"type":"binary-expr","locations":[{"start":{"line":19,"column":0},"end":{"line":88,"column":0}},{"start":{"line":19,"column":0},"end":{"line":88,"column":0}},{"start":{"line":19,"column":0},"end":{"line":88,"column":0}}]},"1":{"loc":{"start":{"line":25,"column":4},"end":{"line":25,"column":20}},"type":"binary-expr","locations":[{"start":{"line":25,"column":4},"end":{"line":25,"column":20}},{"start":{"line":25,"column":4},"end":{"line":25,"column":14}}]}},"s":{"0":1,"1":1,"2":1,"3":1,"4":1,"5":0,"6":0,"7":0,"8":0,"9":1,"10":0,"11":0,"12":0,"13":0,"14":1,"15":0,"16":1,"17":0,"18":1,"19":1,"20":1,"21":1,"22":0,"23":1,"24":1,"25":1},"f":{"0":1,"1":0,"2":0,"3":0,"4":0,"5":1,"6":0,"7":1},"b":{"0":[1,1,1],"1":[1,0]}}
,"C:\\Users\\UsuarioAurora\\Documents\\WebstormProjects\\react-aframe-typescript-boilerplate\\src\\pag360Video\\Pag360VideoCmp.tsx": {"path":"C:\\Users\\UsuarioAurora\\Documents\\WebstormProjects\\react-aframe-typescript-boilerplate\\src\\pag360Video\\Pag360VideoCmp.tsx","statementMap":{"0":{"start":{"line":2,"column":0},"end":{"line":12,"column":44}},"1":{"start":{"line":3,"column":0},"end":{"line":null,"column":-1}},"2":{"start":{"line":12,"column":0},"end":{"line":64,"column":0}},"3":{"start":{"line":28,"column":10},"end":{"line":30,"column":3}},"4":{"start":{"line":29,"column":4},"end":{"line":29,"column":26}},"5":{"start":{"line":32,"column":10},"end":{"line":34,"column":3}},"6":{"start":{"line":33,"column":4},"end":{"line":33,"column":26}},"7":{"start":{"line":36,"column":10},"end":{"line":38,"column":3}},"8":{"start":{"line":37,"column":4},"end":{"line":37,"column":23}},"9":{"start":{"line":22,"column":9},"end":{"line":26,"column":3}},"10":{"start":{"line":22,"column":2},"end":{"line":26,"column":2}},"11":{"start":{"line":23,"column":4},"end":{"line":23,"column":24}},"12":{"start":{"line":24,"column":6},"end":{"line":24,"column":23}},"13":{"start":{"line":40,"column":9},"end":{"line":63,"column":3}},"14":{"start":{"line":41,"column":4},"end":{"line":58,"column":29}},"15":{"start":{"line":64,"column":0},"end":{"line":null,"column":-1}}},"fnMap":{"0":{"name":"(anonymous_5)","decl":{"start":{"line":2,"column":0},"end":{"line":null,"column":-1}},"loc":{"start":{"line":2,"column":0},"end":{"line":12,"column":0}}},"1":{"name":"Pag360VideoCmp","decl":{"start":{"line":12,"column":0},"end":{"line":12,"column":43}},"loc":{"start":{"line":12,"column":0},"end":{"line":64,"column":1}}},"2":{"name":"(anonymous_7)","decl":{"start":{"line":28,"column":22},"end":{"line":null,"column":-1}},"loc":{"start":{"line":28,"column":22},"end":{"line":30,"column":3}}},"3":{"name":"(anonymous_8)","decl":{"start":{"line":32,"column":23},"end":{"line":null,"column":-1}},"loc":{"start":{"line":32,"column":23},"end":{"line":34,"column":3}}},"4":{"name":"(anonymous_9)","decl":{"start":{"line":36,"column":25},"end":{"line":null,"column":-1}},"loc":{"start":{"line":36,"column":25},"end":{"line":38,"column":3}}},"5":{"name":"(anonymous_10)","decl":{"start":{"line":22,"column":2},"end":{"line":null,"column":-1}},"loc":{"start":{"line":22,"column":2},"end":{"line":26,"column":3}}},"6":{"name":"(anonymous_11)","decl":{"start":{"line":23,"column":14},"end":{"line":23,"column":28}},"loc":{"start":{"line":23,"column":14},"end":{"line":23,"column":24}}},"7":{"name":"(anonymous_12)","decl":{"start":{"line":40,"column":2},"end":{"line":null,"column":-1}},"loc":{"start":{"line":40,"column":2},"end":{"line":63,"column":3}}}},"branchMap":{"0":{"loc":{"start":{"line":12,"column":0},"end":{"line":64,"column":0}},"type":"binary-expr","locations":[{"start":{"line":12,"column":0},"end":{"line":64,"column":0}},{"start":{"line":12,"column":0},"end":{"line":64,"column":0}},{"start":{"line":12,"column":0},"end":{"line":64,"column":0}}]},"1":{"loc":{"start":{"line":23,"column":4},"end":{"line":23,"column":8}},"type":"binary-expr","locations":[{"start":{"line":23,"column":4},"end":{"line":23,"column":8}},{"start":{"line":23,"column":4},"end":{"line":23,"column":24}}]}},"s":{"0":1,"1":1,"2":1,"3":1,"4":0,"5":1,"6":0,"7":1,"8":0,"9":1,"10":1,"11":1,"12":0,"13":1,"14":1,"15":1},"f":{"0":1,"1":1,"2":0,"3":0,"4":0,"5":1,"6":0,"7":1},"b":{"0":[1,1,1],"1":[1,0]}}
,"C:\\Users\\UsuarioAurora\\Documents\\WebstormProjects\\react-aframe-typescript-boilerplate\\src\\pag3DModel\\Pag3DModel.tsx": {"path":"C:\\Users\\UsuarioAurora\\Documents\\WebstormProjects\\react-aframe-typescript-boilerplate\\src\\pag3DModel\\Pag3DModel.tsx","statementMap":{"0":{"start":{"line":6,"column":55},"end":{"line":null,"column":-1}},"1":{"start":{"line":12,"column":5},"end":{"line":12,"column":4}},"2":{"start":{"line":12,"column":44},"end":{"line":12,"column":57}},"3":{"start":{"line":12,"column":59},"end":{"line":12,"column":72}},"4":{"start":{"line":14,"column":0},"end":{"line":14,"column":40}},"5":{"start":{"line":14,"column":40},"end":{"line":14,"column":83}},"6":{"start":{"line":14,"column":0},"end":{"line":100,"column":0}},"7":{"start":{"line":16,"column":9},"end":{"line":16,"column":39}},"8":{"start":{"line":38,"column":10},"end":{"line":40,"column":3}},"9":{"start":{"line":39,"column":4},"end":{"line":39,"column":40}},"10":{"start":{"line":42,"column":10},"end":{"line":44,"column":3}},"11":{"start":{"line":43,"column":4},"end":{"line":43,"column":40}},"12":{"start":{"line":46,"column":10},"end":{"line":48,"column":3}},"13":{"start":{"line":47,"column":4},"end":{"line":47,"column":40}},"14":{"start":{"line":50,"column":10},"end":{"line":52,"column":3}},"15":{"start":{"line":51,"column":4},"end":{"line":51,"column":40}},"16":{"start":{"line":54,"column":10},"end":{"line":56,"column":3}},"17":{"start":{"line":55,"column":4},"end":{"line":55,"column":23}},"18":{"start":{"line":34,"column":9},"end":{"line":36,"column":3}},"19":{"start":{"line":35,"column":4},"end":{"line":35,"column":45}},"20":{"start":{"line":58,"column":9},"end":{"line":99,"column":3}},"21":{"start":{"line":58,"column":2},"end":{"line":99,"column":2}},"22":{"start":{"line":59,"column":4},"end":{"line":94,"column":49}},"23":{"start":{"line":87,"column":20},"end":{"line":87,"column":36}},"24":{"start":{"line":100,"column":0},"end":{"line":null,"column":-1}}},"fnMap":{"0":{"name":"(anonymous_6)","decl":{"start":{"line":14,"column":0},"end":{"line":null,"column":-1}},"loc":{"start":{"line":14,"column":0},"end":{"line":14,"column":39}}},"1":{"name":"(anonymous_8)","decl":{"start":{"line":38,"column":26},"end":{"line":null,"column":-1}},"loc":{"start":{"line":38,"column":26},"end":{"line":40,"column":3}}},"2":{"name":"(anonymous_9)","decl":{"start":{"line":42,"column":27},"end":{"line":null,"column":-1}},"loc":{"start":{"line":42,"column":27},"end":{"line":44,"column":3}}},"3":{"name":"(anonymous_10)","decl":{"start":{"line":46,"column":27},"end":{"line":null,"column":-1}},"loc":{"start":{"line":46,"column":27},"end":{"line":48,"column":3}}},"4":{"name":"(anonymous_11)","decl":{"start":{"line":50,"column":27},"end":{"line":null,"column":-1}},"loc":{"start":{"line":50,"column":27},"end":{"line":52,"column":3}}},"5":{"name":"(anonymous_12)","decl":{"start":{"line":54,"column":25},"end":{"line":null,"column":-1}},"loc":{"start":{"line":54,"column":25},"end":{"line":56,"column":3}}},"6":{"name":"(anonymous_13)","decl":{"start":{"line":34,"column":2},"end":{"line":null,"column":-1}},"loc":{"start":{"line":34,"column":2},"end":{"line":36,"column":3}}},"7":{"name":"(anonymous_14)","decl":{"start":{"line":58,"column":2},"end":{"line":null,"column":-1}},"loc":{"start":{"line":58,"column":2},"end":{"line":99,"column":3}}},"8":{"name":"(anonymous_15)","decl":{"start":{"line":87,"column":10},"end":{"line":87,"column":19}},"loc":{"start":{"line":87,"column":10},"end":{"line":87,"column":36}}}},"branchMap":{"0":{"loc":{"start":{"line":12,"column":5},"end":{"line":12,"column":4}},"type":"binary-expr","locations":[{"start":{"line":12,"column":5},"end":{"line":12,"column":4}},{"start":{"line":12,"column":5},"end":{"line":12,"column":4}}]},"1":{"loc":{"start":{"line":14,"column":0},"end":{"line":100,"column":0}},"type":"binary-expr","locations":[{"start":{"line":14,"column":0},"end":{"line":100,"column":0}},{"start":{"line":14,"column":0},"end":{"line":100,"column":0}},{"start":{"line":14,"column":0},"end":{"line":100,"column":0}}]}},"s":{"0":1,"1":1,"2":1,"3":1,"4":1,"5":1,"6":1,"7":1,"8":1,"9":0,"10":1,"11":0,"12":1,"13":0,"14":1,"15":0,"16":1,"17":0,"18":1,"19":1,"20":1,"21":1,"22":1,"23":1,"24":1},"f":{"0":2,"1":0,"2":0,"3":0,"4":0,"5":0,"6":1,"7":1,"8":1},"b":{"0":[1,1],"1":[1,1,1]}}
,"C:\\Users\\UsuarioAurora\\Documents\\WebstormProjects\\react-aframe-typescript-boilerplate\\src\\pagIndex\\PagIndexCmp.tsx": {"path":"C:\\Users\\UsuarioAurora\\Documents\\WebstormProjects\\react-aframe-typescript-boilerplate\\src\\pagIndex\\PagIndexCmp.tsx","statementMap":{"0":{"start":{"line":2,"column":0},"end":{"line":null,"column":-1}},"1":{"start":{"line":3,"column":0},"end":{"line":null,"column":-1}},"2":{"start":{"line":4,"column":0},"end":{"line":null,"column":-1}},"3":{"start":{"line":5,"column":0},"end":{"line":null,"column":-1}},"4":{"start":{"line":6,"column":0},"end":{"line":null,"column":-1}},"5":{"start":{"line":7,"column":0},"end":{"line":null,"column":-1}},"6":{"start":{"line":8,"column":0},"end":{"line":52,"column":41}},"7":{"start":{"line":9,"column":0},"end":{"line":null,"column":-1}},"8":{"start":{"line":11,"column":0},"end":{"line":null,"column":-1}},"9":{"start":{"line":117,"column":10},"end":{"line":120,"column":3}},"10":{"start":{"line":118,"column":4},"end":{"line":118,"column":21}},"11":{"start":{"line":119,"column":4},"end":{"line":119,"column":9}},"12":{"start":{"line":122,"column":10},"end":{"line":126,"column":3}},"13":{"start":{"line":123,"column":4},"end":{"line":125,"column":7}},"14":{"start":{"line":124,"column":6},"end":{"line":124,"column":23}},"15":{"start":{"line":128,"column":10},"end":{"line":130,"column":3}},"16":{"start":{"line":129,"column":4},"end":{"line":129,"column":21}},"17":{"start":{"line":132,"column":10},"end":{"line":134,"column":3}},"18":{"start":{"line":133,"column":4},"end":{"line":133,"column":23}},"19":{"start":{"line":136,"column":10},"end":{"line":138,"column":3}},"20":{"start":{"line":137,"column":4},"end":{"line":137,"column":23}},"21":{"start":{"line":140,"column":10},"end":{"line":143,"column":3}},"22":{"start":{"line":141,"column":4},"end":{"line":141,"column":10}},"23":{"start":{"line":142,"column":4},"end":{"line":142,"column":28}},"24":{"start":{"line":70,"column":9},"end":{"line":103,"column":3}},"25":{"start":{"line":70,"column":2},"end":{"line":103,"column":2}},"26":{"start":{"line":75,"column":10},"end":{"line":75,"column":21}},"27":{"start":{"line":76,"column":4},"end":{"line":83,"column":5}},"28":{"start":{"line":77,"column":6},"end":{"line":82,"column":7}},"29":{"start":{"line":78,"column":14},"end":{"line":78,"column":24}},"30":{"start":{"line":85,"column":10},"end":{"line":85,"column":23}},"31":{"start":{"line":86,"column":4},"end":{"line":93,"column":5}},"32":{"start":{"line":87,"column":6},"end":{"line":89,"column":7}},"33":{"start":{"line":88,"column":8},"end":{"line":88,"column":56}},"34":{"start":{"line":90,"column":6},"end":{"line":92,"column":7}},"35":{"start":{"line":91,"column":8},"end":{"line":91,"column":52}},"36":{"start":{"line":95,"column":4},"end":{"line":95,"column":47}},"37":{"start":{"line":97,"column":4},"end":{"line":97,"column":27}},"38":{"start":{"line":99,"column":4},"end":{"line":99,"column":23}},"39":{"start":{"line":100,"column":6},"end":{"line":100,"column":11}},"40":{"start":{"line":105,"column":10},"end":{"line":107,"column":3}},"41":{"start":{"line":106,"column":4},"end":{"line":106,"column":46}},"42":{"start":{"line":109,"column":10},"end":{"line":111,"column":3}},"43":{"start":{"line":110,"column":4},"end":{"line":110,"column":47}},"44":{"start":{"line":113,"column":10},"end":{"line":115,"column":3}},"45":{"start":{"line":114,"column":4},"end":{"line":114,"column":47}},"46":{"start":{"line":145,"column":9},"end":{"line":210,"column":3}},"47":{"start":{"line":145,"column":2},"end":{"line":210,"column":2}},"48":{"start":{"line":146,"column":4},"end":{"line":203,"column":56}},"49":{"start":{"line":199,"column":26},"end":{"line":199,"column":45}},"50":{"start":{"line":201,"column":26},"end":{"line":201,"column":45}},"51":{"start":{"line":203,"column":26},"end":{"line":203,"column":45}},"52":{"start":{"line":211,"column":0},"end":{"line":null,"column":-1}}},"fnMap":{"0":{"name":"(anonymous_5)","decl":{"start":{"line":8,"column":0},"end":{"line":null,"column":-1}},"loc":{"start":{"line":8,"column":0},"end":{"line":52,"column":0}}},"1":{"name":"PagIndexCmp","decl":{"start":{"line":10,"column":0},"end":{"line":null,"column":-1}},"loc":{"start":{"line":10,"column":0},"end":{"line":211,"column":1}}},"2":{"name":"(anonymous_7)","decl":{"start":{"line":117,"column":23},"end":{"line":null,"column":-1}},"loc":{"start":{"line":117,"column":23},"end":{"line":120,"column":3}}},"3":{"name":"(anonymous_8)","decl":{"start":{"line":122,"column":30},"end":{"line":122,"column":30}},"loc":{"start":{"line":122,"column":31},"end":{"line":126,"column":3}}},"4":{"name":"(anonymous_9)","decl":{"start":{"line":123,"column":16},"end":{"line":null,"column":-1}},"loc":{"start":{"line":123,"column":16},"end":{"line":125,"column":5}}},"5":{"name":"(anonymous_10)","decl":{"start":{"line":128,"column":24},"end":{"line":null,"column":-1}},"loc":{"start":{"line":128,"column":24},"end":{"line":130,"column":3}}},"6":{"name":"(anonymous_11)","decl":{"start":{"line":132,"column":25},"end":{"line":null,"column":-1}},"loc":{"start":{"line":132,"column":25},"end":{"line":134,"column":3}}},"7":{"name":"(anonymous_12)","decl":{"start":{"line":136,"column":26},"end":{"line":null,"column":-1}},"loc":{"start":{"line":136,"column":26},"end":{"line":138,"column":3}}},"8":{"name":"(anonymous_13)","decl":{"start":{"line":140,"column":25},"end":{"line":140,"column":25}},"loc":{"start":{"line":140,"column":38},"end":{"line":143,"column":3}}},"9":{"name":"(anonymous_14)","decl":{"start":{"line":70,"column":2},"end":{"line":null,"column":-1}},"loc":{"start":{"line":70,"column":2},"end":{"line":103,"column":3}}},"10":{"name":"(anonymous_15)","decl":{"start":{"line":76,"column":35},"end":{"line":76,"column":35}},"loc":{"start":{"line":76,"column":36},"end":{"line":83,"column":5}}},"11":{"name":"(anonymous_16)","decl":{"start":{"line":77,"column":37},"end":{"line":77,"column":37}},"loc":{"start":{"line":77,"column":38},"end":{"line":82,"column":7}}},"12":{"name":"(anonymous_17)","decl":{"start":{"line":86,"column":37},"end":{"line":86,"column":37}},"loc":{"start":{"line":86,"column":38},"end":{"line":93,"column":5}}},"13":{"name":"(anonymous_18)","decl":{"start":{"line":87,"column":43},"end":{"line":null,"column":-1}},"loc":{"start":{"line":87,"column":43},"end":{"line":89,"column":7}}},"14":{"name":"(anonymous_19)","decl":{"start":{"line":90,"column":43},"end":{"line":null,"column":-1}},"loc":{"start":{"line":90,"column":43},"end":{"line":92,"column":7}}},"15":{"name":"(anonymous_20)","decl":{"start":{"line":99,"column":9},"end":{"line":99,"column":13}},"loc":{"start":{"line":99,"column":14},"end":{"line":99,"column":23}}},"16":{"name":"(anonymous_21)","decl":{"start":{"line":105,"column":2},"end":{"line":105,"column":21}},"loc":{"start":{"line":105,"column":22},"end":{"line":107,"column":3}}},"17":{"name":"(anonymous_22)","decl":{"start":{"line":109,"column":2},"end":{"line":null,"column":-1}},"loc":{"start":{"line":109,"column":2},"end":{"line":111,"column":3}}},"18":{"name":"(anonymous_23)","decl":{"start":{"line":113,"column":2},"end":{"line":null,"column":-1}},"loc":{"start":{"line":113,"column":2},"end":{"line":115,"column":3}}},"19":{"name":"(anonymous_24)","decl":{"start":{"line":145,"column":2},"end":{"line":null,"column":-1}},"loc":{"start":{"line":145,"column":2},"end":{"line":210,"column":3}}},"20":{"name":"(anonymous_25)","decl":{"start":{"line":199,"column":12},"end":{"line":199,"column":19}},"loc":{"start":{"line":199,"column":26},"end":{"line":199,"column":45}}},"21":{"name":"(anonymous_26)","decl":{"start":{"line":201,"column":12},"end":{"line":201,"column":19}},"loc":{"start":{"line":201,"column":26},"end":{"line":201,"column":45}}},"22":{"name":"(anonymous_27)","decl":{"start":{"line":203,"column":12},"end":{"line":203,"column":19}},"loc":{"start":{"line":203,"column":26},"end":{"line":203,"column":45}}}},"branchMap":{"0":{"loc":{"start":{"line":11,"column":0},"end":{"line":null,"column":-1}},"type":"binary-expr","locations":[{"start":{"line":11,"column":0},"end":{"line":null,"column":-1}},{"start":{"line":11,"column":0},"end":{"line":null,"column":-1}},{"start":{"line":11,"column":0},"end":{"line":null,"column":-1}}]},"1":{"loc":{"start":{"line":99,"column":4},"end":{"line":99,"column":8}},"type":"binary-expr","locations":[{"start":{"line":99,"column":4},"end":{"line":99,"column":8}},{"start":{"line":99,"column":4},"end":{"line":99,"column":23}}]}},"s":{"0":1,"1":1,"2":1,"3":1,"4":1,"5":1,"6":1,"7":1,"8":1,"9":1,"10":0,"11":0,"12":1,"13":1,"14":0,"15":1,"16":0,"17":1,"18":0,"19":1,"20":0,"21":1,"22":0,"23":0,"24":1,"25":1,"26":1,"27":1,"28":0,"29":0,"30":1,"31":1,"32":0,"33":0,"34":0,"35":0,"36":1,"37":1,"38":1,"39":0,"40":1,"41":1,"42":1,"43":0,"44":1,"45":0,"46":1,"47":1,"48":1,"49":0,"50":0,"51":0,"52":1},"f":{"0":1,"1":1,"2":0,"3":1,"4":0,"5":0,"6":0,"7":0,"8":0,"9":1,"10":0,"11":0,"12":0,"13":0,"14":0,"15":0,"16":1,"17":0,"18":0,"19":1,"20":0,"21":0,"22":0},"b":{"0":[1,1,1],"1":[1,0]}}
}
