TN:
SF:C:\Users\UsuarioAurora\Documents\WebstormProjects\react-aframe-typescript-boilerplate\src\index.tsx
FN:8,_interopRequireDefault
FNF:1
FNH:0
FNDA:0,_interopRequireDefault
DA:1,0
DA:2,0
DA:3,0
DA:4,0
DA:5,0
DA:6,0
DA:7,0
DA:8,0
DA:10,0
LF:9
LH:0
BRDA:8,0,0,0
BRDA:8,0,1,0
BRDA:8,1,0,0
BRDA:8,1,1,0
BRF:4
BRH:0
end_of_record
TN:
SF:C:\Users\UsuarioAurora\Documents\WebstormProjects\react-aframe-typescript-boilerplate\src\components\dialog\DialogCmp.tsx
FN:10,(anonymous_5)
FN:16,(anonymous_7)
FN:18,(anonymous_8)
FN:23,(anonymous_9)
FN:28,(anonymous_10)
FN:34,(anonymous_11)
FN:37,(anonymous_12)
FNF:7
FNH:4
FNDA:5,(anonymous_5)
FNDA:3,(anonymous_7)
FNDA:0,(anonymous_8)
FNDA:0,(anonymous_9)
FNDA:0,(anonymous_10)
FNDA:3,(anonymous_11)
FNDA:3,(anonymous_12)
DA:10,2
DA:13,2
DA:14,2
DA:16,3
DA:17,3
DA:18,3
DA:19,0
DA:23,2
DA:24,0
DA:25,0
DA:28,2
DA:29,0
DA:30,0
DA:31,0
DA:34,3
DA:35,3
DA:36,3
DA:37,3
DA:46,2
LF:19
LH:13
BRDA:17,0,0,3
BRDA:17,0,1,1
BRDA:18,1,0,3
BRDA:18,1,1,1
BRF:4
BRH:4
end_of_record
TN:
SF:C:\Users\UsuarioAurora\Documents\WebstormProjects\react-aframe-typescript-boilerplate\src\components\loader\LoaderCmp.tsx
FN:2,(anonymous_5)
FN:39,Loader
FN:46,(anonymous_7)
FN:49,(anonymous_8)
FN:54,(anonymous_9)
FN:58,(anonymous_10)
FN:59,(anonymous_11)
FN:64,(anonymous_12)
FN:66,(anonymous_13)
FNF:9
FNH:5
FNDA:5,(anonymous_5)
FNDA:6,Loader
FNDA:0,(anonymous_7)
FNDA:0,(anonymous_8)
FNDA:0,(anonymous_9)
FNDA:2,(anonymous_10)
FNDA:0,(anonymous_11)
FNDA:6,(anonymous_12)
FNDA:6,(anonymous_13)
DA:2,5
DA:39,6
DA:41,6
DA:42,6
DA:43,6
DA:46,5
DA:47,0
DA:48,0
DA:49,0
DA:50,0
DA:54,5
DA:55,0
DA:58,5
DA:59,2
DA:60,0
DA:64,6
DA:65,6
DA:66,6
DA:76,5
LF:19
LH:13
BRDA:39,0,0,6
BRDA:39,0,1,6
BRDA:41,1,0,6
BRDA:41,1,1,6
BRDA:42,2,0,6
BRDA:42,2,1,6
BRDA:58,3,0,0
BRDA:58,3,1,2
BRDA:59,4,0,2
BRDA:59,4,1,0
BRF:10
BRH:8
end_of_record
TN:
SF:C:\Users\UsuarioAurora\Documents\WebstormProjects\react-aframe-typescript-boilerplate\src\components\sideMenu\SideMenuCmp.tsx
FN:15,(anonymous_5)
FN:19,(anonymous_7)
FN:22,(anonymous_8)
FN:30,(anonymous_9)
FN:32,(anonymous_10)
FN:44,(anonymous_12)
FN:49,(anonymous_13)
FN:51,(anonymous_14)
FN:61,(anonymous_15)
FNF:9
FNH:7
FNDA:11,(anonymous_5)
FNDA:6,(anonymous_7)
FNDA:16,(anonymous_8)
FNDA:6,(anonymous_9)
FNDA:0,(anonymous_10)
FNDA:0,(anonymous_12)
FNDA:6,(anonymous_13)
FNDA:6,(anonymous_14)
FNDA:16,(anonymous_15)
DA:4,5
DA:15,5
DA:19,5
DA:20,6
DA:22,4
DA:23,16
DA:30,6
DA:31,6
DA:32,6
DA:33,0
DA:39,0
DA:40,0
DA:41,0
DA:44,5
DA:45,0
DA:46,0
DA:49,6
DA:50,6
DA:51,6
DA:63,16
DA:76,5
LF:21
LH:15
BRDA:20,0,0,4
BRDA:20,0,1,2
BRDA:31,1,0,6
BRDA:31,1,1,1
BRDA:32,2,0,6
BRDA:32,2,1,1
BRDA:61,3,0,6
BRDA:61,3,1,4
BRDA:63,4,0,4
BRDA:63,4,1,12
BRDA:70,5,0,6
BRDA:70,5,1,2
BRF:12
BRH:12
end_of_record
TN:
SF:C:\Users\UsuarioAurora\Documents\WebstormProjects\react-aframe-typescript-boilerplate\src\components\topMenu\TopMenuCmp.tsx
FN:7,(anonymous_5)
FN:16,(anonymous_7)
FN:20,(anonymous_8)
FN:24,(anonymous_9)
FNF:4
FNH:2
FNDA:11,(anonymous_5)
FNDA:0,(anonymous_7)
FNDA:0,(anonymous_8)
FNDA:6,(anonymous_9)
DA:3,5
DA:4,5
DA:7,6
DA:16,6
DA:17,0
DA:20,6
DA:21,0
DA:24,5
DA:26,6
DA:27,6
DA:37,0
DA:46,5
LF:12
LH:9
BRDA:7,0,0,6
BRDA:7,0,1,6
BRDA:7,0,2,6
BRDA:17,1,0,0
BRDA:17,1,1,0
BRDA:26,2,0,6
BRDA:26,2,1,0
BRDA:31,3,0,6
BRDA:31,3,1,5
BRDA:40,4,0,0
BRDA:40,4,1,0
BRF:11
BRH:6
end_of_record
TN:
SF:C:\Users\UsuarioAurora\Documents\WebstormProjects\react-aframe-typescript-boilerplate\src\pag2DVideo\Pag2DVideoCmp.tsx
FN:18,Pag2DVideoCmp
FN:29,(anonymous_7)
FN:36,(anonymous_8)
FN:43,(anonymous_9)
FN:47,(anonymous_10)
FN:22,(anonymous_11)
FN:24,(anonymous_12)
FN:51,(anonymous_13)
FNF:8
FNH:3
FNDA:1,Pag2DVideoCmp
FNDA:0,(anonymous_7)
FNDA:0,(anonymous_8)
FNDA:0,(anonymous_9)
FNDA:0,(anonymous_10)
FNDA:1,(anonymous_11)
FNDA:0,(anonymous_12)
FNDA:1,(anonymous_13)
DA:2,1
DA:3,1
DA:18,1
DA:22,1
DA:23,1
DA:24,1
DA:25,0
DA:29,1
DA:30,0
DA:31,0
DA:32,0
DA:33,0
DA:36,1
DA:37,0
DA:38,0
DA:39,0
DA:40,0
DA:43,1
DA:44,0
DA:47,1
DA:48,0
DA:51,1
DA:52,1
DA:87,1
LF:24
LH:13
BRDA:18,0,0,1
BRDA:18,0,1,1
BRDA:18,0,2,1
BRDA:24,1,0,1
BRDA:24,1,1,0
BRF:5
BRH:4
end_of_record
TN:
SF:C:\Users\UsuarioAurora\Documents\WebstormProjects\react-aframe-typescript-boilerplate\src\pag360Video\Pag360VideoCmp.tsx
FN:2,(anonymous_5)
FN:11,Pag360VideoCmp
FN:27,(anonymous_7)
FN:31,(anonymous_8)
FN:35,(anonymous_9)
FN:21,(anonymous_10)
FN:22,(anonymous_11)
FN:39,(anonymous_12)
FNF:8
FNH:4
FNDA:1,(anonymous_5)
FNDA:1,Pag360VideoCmp
FNDA:0,(anonymous_7)
FNDA:0,(anonymous_8)
FNDA:0,(anonymous_9)
FNDA:1,(anonymous_10)
FNDA:0,(anonymous_11)
FNDA:1,(anonymous_12)
DA:2,1
DA:11,1
DA:21,1
DA:22,1
DA:23,0
DA:27,1
DA:28,0
DA:31,1
DA:32,0
DA:35,1
DA:36,0
DA:39,1
DA:40,1
DA:63,1
LF:14
LH:10
BRDA:11,0,0,1
BRDA:11,0,1,1
BRDA:11,0,2,1
BRDA:22,1,0,1
BRDA:22,1,1,0
BRF:5
BRH:4
end_of_record
TN:
SF:C:\Users\UsuarioAurora\Documents\WebstormProjects\react-aframe-typescript-boilerplate\src\pag3DModel\Pag3DModel.tsx
FN:13,(anonymous_6)
FN:37,(anonymous_8)
FN:41,(anonymous_9)
FN:45,(anonymous_10)
FN:49,(anonymous_11)
FN:53,(anonymous_12)
FN:33,(anonymous_13)
FN:57,(anonymous_14)
FN:86,(anonymous_15)
FNF:9
FNH:4
FNDA:2,(anonymous_6)
FNDA:0,(anonymous_8)
FNDA:0,(anonymous_9)
FNDA:0,(anonymous_10)
FNDA:0,(anonymous_11)
FNDA:0,(anonymous_12)
FNDA:1,(anonymous_13)
FNDA:1,(anonymous_14)
FNDA:1,(anonymous_15)
DA:11,1
DA:13,1
DA:15,1
DA:33,1
DA:34,1
DA:37,1
DA:38,0
DA:41,1
DA:42,0
DA:45,1
DA:46,0
DA:49,1
DA:50,0
DA:53,1
DA:54,0
DA:57,1
DA:58,1
DA:86,1
DA:99,1
LF:19
LH:14
BRDA:11,0,0,1
BRDA:11,0,1,1
BRDA:13,1,0,1
BRDA:13,1,1,1
BRDA:13,1,2,1
BRF:5
BRH:5
end_of_record
TN:
SF:C:\Users\UsuarioAurora\Documents\WebstormProjects\react-aframe-typescript-boilerplate\src\pagIndex\PagIndexCmp.tsx
FN:8,(anonymous_5)
FN:10,PagIndexCmp
FN:113,(anonymous_7)
FN:118,(anonymous_8)
FN:119,(anonymous_9)
FN:124,(anonymous_10)
FN:128,(anonymous_11)
FN:132,(anonymous_12)
FN:136,(anonymous_13)
FN:66,(anonymous_14)
FN:72,(anonymous_15)
FN:73,(anonymous_16)
FN:82,(anonymous_17)
FN:83,(anonymous_18)
FN:86,(anonymous_19)
FN:95,(anonymous_20)
FN:101,(anonymous_21)
FN:105,(anonymous_22)
FN:109,(anonymous_23)
FN:141,(anonymous_24)
FN:195,(anonymous_25)
FN:197,(anonymous_26)
FN:199,(anonymous_27)
FNF:23
FNH:6
FNDA:1,(anonymous_5)
FNDA:1,PagIndexCmp
FNDA:0,(anonymous_7)
FNDA:1,(anonymous_8)
FNDA:0,(anonymous_9)
FNDA:0,(anonymous_10)
FNDA:0,(anonymous_11)
FNDA:0,(anonymous_12)
FNDA:0,(anonymous_13)
FNDA:1,(anonymous_14)
FNDA:0,(anonymous_15)
FNDA:0,(anonymous_16)
FNDA:0,(anonymous_17)
FNDA:0,(anonymous_18)
FNDA:0,(anonymous_19)
FNDA:0,(anonymous_20)
FNDA:1,(anonymous_21)
FNDA:0,(anonymous_22)
FNDA:0,(anonymous_23)
FNDA:1,(anonymous_24)
FNDA:0,(anonymous_25)
FNDA:0,(anonymous_26)
FNDA:0,(anonymous_27)
DA:2,1
DA:3,1
DA:4,1
DA:5,1
DA:6,1
DA:7,1
DA:8,1
DA:9,1
DA:11,1
DA:66,1
DA:71,1
DA:72,1
DA:73,0
DA:74,0
DA:81,1
DA:82,1
DA:83,0
DA:84,0
DA:86,0
DA:87,0
DA:91,1
DA:93,1
DA:95,1
DA:96,0
DA:101,1
DA:102,1
DA:105,1
DA:106,0
DA:109,1
DA:110,0
DA:113,1
DA:114,0
DA:115,0
DA:118,1
DA:119,1
DA:120,0
DA:124,1
DA:125,0
DA:128,1
DA:129,0
DA:132,1
DA:133,0
DA:136,1
DA:137,0
DA:138,0
DA:141,1
DA:142,1
DA:195,0
DA:197,0
DA:199,0
DA:207,1
LF:51
LH:31
BRDA:11,0,0,1
BRDA:11,0,1,1
BRDA:11,0,2,1
BRDA:95,1,0,1
BRDA:95,1,1,0
BRF:5
BRH:4
end_of_record
