TN:
SF:C:\Users\UsuarioAurora\Documents\WebstormProjects\react-aframe-typescript-boilerplate\src\index.tsx
FN:8,_interopRequireDefault
FNF:1
FNH:0
FNDA:0,_interopRequireDefault
DA:1,0
DA:2,0
DA:3,0
DA:4,0
DA:5,0
DA:6,0
DA:7,0
DA:8,0
DA:10,0
LF:9
LH:0
BRDA:8,0,0,0
BRDA:8,0,1,0
BRDA:8,1,0,0
BRDA:8,1,1,0
BRF:4
BRH:0
end_of_record
TN:
SF:C:\Users\UsuarioAurora\Documents\WebstormProjects\react-aframe-typescript-boilerplate\src\components\dialog\DialogCmp.tsx
FN:10,(anonymous_5)
FN:20,(anonymous_7)
FN:22,(anonymous_8)
FN:27,(anonymous_9)
FN:32,(anonymous_10)
FN:38,(anonymous_11)
FN:40,(anonymous_12)
FNF:7
FNH:4
FNDA:5,(anonymous_5)
FNDA:3,(anonymous_7)
FNDA:0,(anonymous_8)
FNDA:0,(anonymous_9)
FNDA:0,(anonymous_10)
FNDA:3,(anonymous_11)
FNDA:3,(anonymous_12)
DA:10,2
DA:15,2
DA:18,2
DA:20,3
DA:21,3
DA:22,3
DA:23,0
DA:27,2
DA:28,0
DA:29,0
DA:32,2
DA:33,0
DA:34,0
DA:35,0
DA:38,3
DA:39,3
DA:40,3
DA:49,2
LF:18
LH:12
BRDA:21,0,0,3
BRDA:21,0,1,1
BRDA:22,1,0,3
BRDA:22,1,1,1
BRF:4
BRH:4
end_of_record
TN:
SF:C:\Users\UsuarioAurora\Documents\WebstormProjects\react-aframe-typescript-boilerplate\src\components\loader\LoaderCmp.tsx
FN:2,(anonymous_5)
FN:39,Loader
FN:46,(anonymous_7)
FN:49,(anonymous_8)
FN:54,(anonymous_9)
FN:58,(anonymous_10)
FN:59,(anonymous_11)
FN:64,(anonymous_12)
FN:66,(anonymous_13)
FNF:9
FNH:5
FNDA:5,(anonymous_5)
FNDA:6,Loader
FNDA:0,(anonymous_7)
FNDA:0,(anonymous_8)
FNDA:0,(anonymous_9)
FNDA:2,(anonymous_10)
FNDA:0,(anonymous_11)
FNDA:6,(anonymous_12)
FNDA:6,(anonymous_13)
DA:2,5
DA:39,6
DA:41,6
DA:42,6
DA:43,6
DA:46,5
DA:47,0
DA:48,0
DA:49,0
DA:50,0
DA:54,5
DA:55,0
DA:58,5
DA:59,2
DA:60,0
DA:64,6
DA:65,6
DA:66,6
DA:76,5
LF:19
LH:13
BRDA:39,0,0,6
BRDA:39,0,1,6
BRDA:41,1,0,6
BRDA:41,1,1,6
BRDA:42,2,0,6
BRDA:42,2,1,6
BRDA:58,3,0,0
BRDA:58,3,1,2
BRDA:59,4,0,2
BRDA:59,4,1,0
BRF:10
BRH:8
end_of_record
TN:
SF:C:\Users\UsuarioAurora\Documents\WebstormProjects\react-aframe-typescript-boilerplate\src\components\sideMenu\SideMenuCmp.tsx
FN:15,(anonymous_5)
FN:19,(anonymous_7)
FN:22,(anonymous_8)
FN:30,(anonymous_9)
FN:32,(anonymous_10)
FN:44,(anonymous_12)
FN:49,(anonymous_13)
FN:51,(anonymous_14)
FN:61,(anonymous_15)
FNF:9
FNH:7
FNDA:11,(anonymous_5)
FNDA:6,(anonymous_7)
FNDA:16,(anonymous_8)
FNDA:6,(anonymous_9)
FNDA:0,(anonymous_10)
FNDA:0,(anonymous_12)
FNDA:6,(anonymous_13)
FNDA:6,(anonymous_14)
FNDA:16,(anonymous_15)
DA:4,5
DA:15,5
DA:19,5
DA:20,6
DA:22,4
DA:23,16
DA:30,6
DA:31,6
DA:32,6
DA:33,0
DA:39,0
DA:40,0
DA:41,0
DA:44,5
DA:45,0
DA:46,0
DA:49,6
DA:50,6
DA:51,6
DA:63,16
DA:76,5
LF:21
LH:15
BRDA:20,0,0,4
BRDA:20,0,1,2
BRDA:31,1,0,6
BRDA:31,1,1,1
BRDA:32,2,0,6
BRDA:32,2,1,1
BRDA:61,3,0,6
BRDA:61,3,1,4
BRDA:63,4,0,4
BRDA:63,4,1,12
BRDA:70,5,0,6
BRDA:70,5,1,2
BRF:12
BRH:12
end_of_record
TN:
SF:C:\Users\UsuarioAurora\Documents\WebstormProjects\react-aframe-typescript-boilerplate\src\components\topMenu\TopMenuCmp.tsx
FN:7,(anonymous_5)
FN:16,(anonymous_7)
FN:20,(anonymous_8)
FN:24,(anonymous_9)
FNF:4
FNH:2
FNDA:11,(anonymous_5)
FNDA:0,(anonymous_7)
FNDA:0,(anonymous_8)
FNDA:6,(anonymous_9)
DA:3,5
DA:4,5
DA:7,6
DA:16,6
DA:17,0
DA:20,6
DA:21,0
DA:24,5
DA:26,6
DA:27,6
DA:37,0
DA:46,5
LF:12
LH:9
BRDA:7,0,0,6
BRDA:7,0,1,6
BRDA:7,0,2,6
BRDA:17,1,0,0
BRDA:17,1,1,0
BRDA:26,2,0,6
BRDA:26,2,1,0
BRDA:31,3,0,6
BRDA:31,3,1,5
BRDA:40,4,0,0
BRDA:40,4,1,0
BRF:11
BRH:6
end_of_record
TN:
SF:C:\Users\UsuarioAurora\Documents\WebstormProjects\react-aframe-typescript-boilerplate\src\pag2DVideo\Pag2DVideoCmp.tsx
FN:19,Pag2DVideoCmp
FN:30,(anonymous_7)
FN:37,(anonymous_8)
FN:44,(anonymous_9)
FN:48,(anonymous_10)
FN:23,(anonymous_11)
FN:25,(anonymous_12)
FN:52,(anonymous_13)
FNF:8
FNH:3
FNDA:1,Pag2DVideoCmp
FNDA:0,(anonymous_7)
FNDA:0,(anonymous_8)
FNDA:0,(anonymous_9)
FNDA:0,(anonymous_10)
FNDA:1,(anonymous_11)
FNDA:0,(anonymous_12)
FNDA:1,(anonymous_13)
DA:2,1
DA:3,1
DA:12,1
DA:19,1
DA:23,1
DA:24,1
DA:25,1
DA:26,0
DA:30,1
DA:31,0
DA:32,0
DA:33,0
DA:34,0
DA:37,1
DA:38,0
DA:39,0
DA:40,0
DA:41,0
DA:44,1
DA:45,0
DA:48,1
DA:49,0
DA:52,1
DA:53,1
DA:88,1
LF:25
LH:14
BRDA:19,0,0,1
BRDA:19,0,1,1
BRDA:19,0,2,1
BRDA:25,1,0,1
BRDA:25,1,1,0
BRF:5
BRH:4
end_of_record
TN:
SF:C:\Users\UsuarioAurora\Documents\WebstormProjects\react-aframe-typescript-boilerplate\src\pag360Video\Pag360VideoCmp.tsx
FN:2,(anonymous_5)
FN:12,Pag360VideoCmp
FN:28,(anonymous_7)
FN:32,(anonymous_8)
FN:36,(anonymous_9)
FN:22,(anonymous_10)
FN:23,(anonymous_11)
FN:40,(anonymous_12)
FNF:8
FNH:4
FNDA:1,(anonymous_5)
FNDA:1,Pag360VideoCmp
FNDA:0,(anonymous_7)
FNDA:0,(anonymous_8)
FNDA:0,(anonymous_9)
FNDA:1,(anonymous_10)
FNDA:0,(anonymous_11)
FNDA:1,(anonymous_12)
DA:2,1
DA:3,1
DA:12,1
DA:22,1
DA:23,1
DA:24,0
DA:28,1
DA:29,0
DA:32,1
DA:33,0
DA:36,1
DA:37,0
DA:40,1
DA:41,1
DA:64,1
LF:15
LH:11
BRDA:12,0,0,1
BRDA:12,0,1,1
BRDA:12,0,2,1
BRDA:23,1,0,1
BRDA:23,1,1,0
BRF:5
BRH:4
end_of_record
TN:
SF:C:\Users\UsuarioAurora\Documents\WebstormProjects\react-aframe-typescript-boilerplate\src\pag3DModel\Pag3DModel.tsx
FN:14,(anonymous_6)
FN:38,(anonymous_8)
FN:42,(anonymous_9)
FN:46,(anonymous_10)
FN:50,(anonymous_11)
FN:54,(anonymous_12)
FN:34,(anonymous_13)
FN:58,(anonymous_14)
FN:87,(anonymous_15)
FNF:9
FNH:4
FNDA:2,(anonymous_6)
FNDA:0,(anonymous_8)
FNDA:0,(anonymous_9)
FNDA:0,(anonymous_10)
FNDA:0,(anonymous_11)
FNDA:0,(anonymous_12)
FNDA:1,(anonymous_13)
FNDA:1,(anonymous_14)
FNDA:1,(anonymous_15)
DA:6,1
DA:12,1
DA:14,1
DA:16,1
DA:34,1
DA:35,1
DA:38,1
DA:39,0
DA:42,1
DA:43,0
DA:46,1
DA:47,0
DA:50,1
DA:51,0
DA:54,1
DA:55,0
DA:58,1
DA:59,1
DA:87,1
DA:100,1
LF:20
LH:15
BRDA:12,0,0,1
BRDA:12,0,1,1
BRDA:14,1,0,1
BRDA:14,1,1,1
BRDA:14,1,2,1
BRF:5
BRH:5
end_of_record
TN:
SF:C:\Users\UsuarioAurora\Documents\WebstormProjects\react-aframe-typescript-boilerplate\src\pagIndex\PagIndexCmp.tsx
FN:8,(anonymous_5)
FN:10,PagIndexCmp
FN:117,(anonymous_7)
FN:122,(anonymous_8)
FN:123,(anonymous_9)
FN:128,(anonymous_10)
FN:132,(anonymous_11)
FN:136,(anonymous_12)
FN:140,(anonymous_13)
FN:70,(anonymous_14)
FN:76,(anonymous_15)
FN:77,(anonymous_16)
FN:86,(anonymous_17)
FN:87,(anonymous_18)
FN:90,(anonymous_19)
FN:99,(anonymous_20)
FN:105,(anonymous_21)
FN:109,(anonymous_22)
FN:113,(anonymous_23)
FN:145,(anonymous_24)
FN:199,(anonymous_25)
FN:201,(anonymous_26)
FN:203,(anonymous_27)
FNF:23
FNH:6
FNDA:1,(anonymous_5)
FNDA:1,PagIndexCmp
FNDA:0,(anonymous_7)
FNDA:1,(anonymous_8)
FNDA:0,(anonymous_9)
FNDA:0,(anonymous_10)
FNDA:0,(anonymous_11)
FNDA:0,(anonymous_12)
FNDA:0,(anonymous_13)
FNDA:1,(anonymous_14)
FNDA:0,(anonymous_15)
FNDA:0,(anonymous_16)
FNDA:0,(anonymous_17)
FNDA:0,(anonymous_18)
FNDA:0,(anonymous_19)
FNDA:0,(anonymous_20)
FNDA:1,(anonymous_21)
FNDA:0,(anonymous_22)
FNDA:0,(anonymous_23)
FNDA:1,(anonymous_24)
FNDA:0,(anonymous_25)
FNDA:0,(anonymous_26)
FNDA:0,(anonymous_27)
DA:2,1
DA:3,1
DA:4,1
DA:5,1
DA:6,1
DA:7,1
DA:8,1
DA:9,1
DA:11,1
DA:70,1
DA:75,1
DA:76,1
DA:77,0
DA:78,0
DA:85,1
DA:86,1
DA:87,0
DA:88,0
DA:90,0
DA:91,0
DA:95,1
DA:97,1
DA:99,1
DA:100,0
DA:105,1
DA:106,1
DA:109,1
DA:110,0
DA:113,1
DA:114,0
DA:117,1
DA:118,0
DA:119,0
DA:122,1
DA:123,1
DA:124,0
DA:128,1
DA:129,0
DA:132,1
DA:133,0
DA:136,1
DA:137,0
DA:140,1
DA:141,0
DA:142,0
DA:145,1
DA:146,1
DA:199,0
DA:201,0
DA:203,0
DA:211,1
LF:51
LH:31
BRDA:11,0,0,1
BRDA:11,0,1,1
BRDA:11,0,2,1
BRDA:99,1,0,1
BRDA:99,1,1,0
BRF:5
BRH:4
end_of_record
